/Users/mathieugaillac/test/auto1-monitor/node_modules/bindings/bindings.js:121
        throw e;
        ^

Error: The module '/Users/mathieugaillac/test/auto1-monitor/node_modules/better-sqlite3/build/Release/better_sqlite3.node'
was compiled against a different Node.js version using
NODE_MODULE_VERSION 127. This version of Node.js requires
NODE_MODULE_VERSION 137. Please try re-compiling or re-installing
the module (for instance, using `npm rebuild` or `npm install`).
    at Object..node (node:internal/modules/cjs/loader:1970:18)
    at Module.load (node:internal/modules/cjs/loader:1533:32)
    at Module._load (node:internal/modules/cjs/loader:1335:12)
    at wrapModuleLoad (node:internal/modules/cjs/loader:255:19)
    at Module.require (node:internal/modules/cjs/loader:1556:12)
    at require (node:internal/modules/helpers:152:16)
    at bindings (/Users/mathieugaillac/test/auto1-monitor/node_modules/bindings/bindings.js:112:48)
    at new Database (/Users/mathieugaillac/test/auto1-monitor/node_modules/better-sqlite3/lib/database.js:48:64)
    at new BotManager (/Users/mathieugaillac/test/auto1-monitor/bot-manager.js:25:15)
    at Object.<anonymous> (/Users/mathieugaillac/test/auto1-monitor/dashboard.js:57:17) {
  code: 'ERR_DLOPEN_FAILED'
}

Node.js v24.14.1
/Users/mathieugaillac/test/auto1-monitor/node_modules/bindings/bindings.js:121
        throw e;
        ^

Error: The module '/Users/mathieugaillac/test/auto1-monitor/node_modules/better-sqlite3/build/Release/better_sqlite3.node'
was compiled against a different Node.js version using
NODE_MODULE_VERSION 127. This version of Node.js requires
NODE_MODULE_VERSION 137. Please try re-compiling or re-installing
the module (for instance, using `npm rebuild` or `npm install`).
    at Object..node (node:internal/modules/cjs/loader:1970:18)
    at Module.load (node:internal/modules/cjs/loader:1533:32)
    at Module._load (node:internal/modules/cjs/loader:1335:12)
    at wrapModuleLoad (node:internal/modules/cjs/loader:255:19)
    at Module.require (node:internal/modules/cjs/loader:1556:12)
    at require (node:internal/modules/helpers:152:16)
    at bindings (/Users/mathieugaillac/test/auto1-monitor/node_modules/bindings/bindings.js:112:48)
    at new Database (/Users/mathieugaillac/test/auto1-monitor/node_modules/better-sqlite3/lib/database.js:48:64)
    at new BotManager (/Users/mathieugaillac/test/auto1-monitor/bot-manager.js:25:15)
    at Object.<anonymous> (/Users/mathieugaillac/test/auto1-monitor/dashboard.js:57:17) {
  code: 'ERR_DLOPEN_FAILED'
}

Node.js v24.14.1
/Users/mathieugaillac/test/auto1-monitor/node_modules/bindings/bindings.js:121
        throw e;
        ^

Error: The module '/Users/mathieugaillac/test/auto1-monitor/node_modules/better-sqlite3/build/Release/better_sqlite3.node'
was compiled against a different Node.js version using
NODE_MODULE_VERSION 127. This version of Node.js requires
NODE_MODULE_VERSION 137. Please try re-compiling or re-installing
the module (for instance, using `npm rebuild` or `npm install`).
    at Object..node (node:internal/modules/cjs/loader:1970:18)
    at Module.load (node:internal/modules/cjs/loader:1533:32)
    at Module._load (node:internal/modules/cjs/loader:1335:12)
    at wrapModuleLoad (node:internal/modules/cjs/loader:255:19)
    at Module.require (node:internal/modules/cjs/loader:1556:12)
    at require (node:internal/modules/helpers:152:16)
    at bindings (/Users/mathieugaillac/test/auto1-monitor/node_modules/bindings/bindings.js:112:48)
    at new Database (/Users/mathieugaillac/test/auto1-monitor/node_modules/better-sqlite3/lib/database.js:48:64)
    at new BotManager (/Users/mathieugaillac/test/auto1-monitor/bot-manager.js:25:15)
    at Object.<anonymous> (/Users/mathieugaillac/test/auto1-monitor/dashboard.js:57:17) {
  code: 'ERR_DLOPEN_FAILED'
}

Node.js v24.14.1
/Users/mathieugaillac/test/auto1-monitor/node_modules/bindings/bindings.js:121
        throw e;
        ^

Error: The module '/Users/mathieugaillac/test/auto1-monitor/node_modules/better-sqlite3/build/Release/better_sqlite3.node'
was compiled against a different Node.js version using
NODE_MODULE_VERSION 127. This version of Node.js requires
NODE_MODULE_VERSION 137. Please try re-compiling or re-installing
the module (for instance, using `npm rebuild` or `npm install`).
    at Object..node (node:internal/modules/cjs/loader:1970:18)
    at Module.load (node:internal/modules/cjs/loader:1533:32)
    at Module._load (node:internal/modules/cjs/loader:1335:12)
    at wrapModuleLoad (node:internal/modules/cjs/loader:255:19)
    at Module.require (node:internal/modules/cjs/loader:1556:12)
    at require (node:internal/modules/helpers:152:16)
    at bindings (/Users/mathieugaillac/test/auto1-monitor/node_modules/bindings/bindings.js:112:48)
    at new Database (/Users/mathieugaillac/test/auto1-monitor/node_modules/better-sqlite3/lib/database.js:48:64)
    at new BotManager (/Users/mathieugaillac/test/auto1-monitor/bot-manager.js:25:15)
    at Object.<anonymous> (/Users/mathieugaillac/test/auto1-monitor/dashboard.js:57:17) {
  code: 'ERR_DLOPEN_FAILED'
}

Node.js v24.14.1
