[dotenv@17.3.1] injecting env (26) from .env -- tip: 🔐 encrypt with Dotenvx: https://dotenvx.com
[dotenv@17.3.1] injecting env (0) from .env -- tip: ⚙️  override existing env vars with { override: true }
[dotenv@17.3.1] injecting env (0) from .env -- tip: 🛡️ auth for agents: https://vestauth.com
[dotenv@17.3.1] injecting env (0) from .env -- tip: ⚙️  load multiple .env files with { path: ['.env.local', '.env'] }
[BotManager] Cron planifié pour 🚗 Auto1 - Vestric 200km: */30 10-16 * * *
[BotManager] 5 bot(s) chargé(s)
[Dashboard] Port 3000 occupé, tentative de libération...
node:events:496
      throw er; // Unhandled 'error' event
      ^

Error: listen EADDRINUSE: address already in use :::3000
    at Server.setupListenHandle [as _listen2] (node:net:1939:16)
    at listenInCluster (node:net:1996:12)
    at Server.listen (node:net:2101:7)
    at Function.listen (/Users/mathieugaillac/test/auto1-monitor/node_modules/express/lib/application.js:635:24)
    at Timeout._onTimeout (/Users/mathieugaillac/test/auto1-monitor/dashboard.js:236:11)
    at listOnTimeout (node:internal/timers:588:17)
    at process.processTimers (node:internal/timers:523:7)
Emitted 'error' event on Server instance at:
    at emitErrorNT (node:net:1975:8)
    at process.processTicksAndRejections (node:internal/process/task_queues:90:21) {
  code: 'EADDRINUSE',
  errno: -48,
  syscall: 'listen',
  address: '::',
  port: 3000
}

Node.js v22.16.0
[dotenv@17.3.1] injecting env (26) from .env -- tip: ⚙️  enable debug logging with { debug: true }
[dotenv@17.3.1] injecting env (0) from .env -- tip: 🔐 prevent committing .env to code: https://dotenvx.com/precommit
[dotenv@17.3.1] injecting env (0) from .env -- tip: 🔐 prevent building .env in docker: https://dotenvx.com/prebuild
[dotenv@17.3.1] injecting env (0) from .env -- tip: 🔐 prevent committing .env to code: https://dotenvx.com/precommit
[BotManager] Cron planifié pour 🚗 Auto1 - Vestric 200km: */30 10-16 * * *
[BotManager] 5 bot(s) chargé(s)
[Dashboard] Port 3000 occupé, tentative de libération...
[Dashboard] Impossible de lancer sur port 3000: listen EADDRINUSE: address already in use :::3000
