[dotenv@17.3.1] injecting env (11) from .env -- tip: ⚡️ secrets for agents: https://dotenvx.com/as2
[dotenv@17.3.1] injecting env (0) from .env -- tip: 🛠️  run anywhere with `dotenvx run -- yourcommand`
[dotenv@17.3.1] injecting env (0) from .env -- tip: 🔐 prevent committing .env to code: https://dotenvx.com/precommit
[BotManager] Cron planifié pour 🚗 Auto1 - Vestric 200km: */30 10-16 * * *
[BotManager] 1 bot(s) chargé(s)

🖥️  Dashboard: http://localhost:3000
📡 API: http://localhost:3000/api/bots

[Scraper] Connexion à Auto1...
[Scraper] Déjà connecté
[Scraper] Navigation vers la recherche...
[Scraper] Résultats: ?
[Scraper] Page 1...
[Scraper] 40 deals extraits sur 1 pages
[Scraper] Vérification essai routier: GA49248 (Chrysler PT Cruiser 2.2 CRD Limited)...
  -> CLEAN - essai routier OK, année 2002
[Scraper] Vérification essai routier: GT32657 (Renault Espace 2.0 dCi 25th Pro)...
  -> DEFAUTS détectés, filtré
[Scraper] Vérification essai routier: CJ11161 (Nissan Vanette Cargo 2.3 Diesel Kasten)...
  -> Essai OK mais année 1997 < 2002, filtré
[Scraper] Vérification essai routier: LZ40911 (Volkswagen Golf IV 1.6)...
  -> DEFAUTS détectés, filtré
[Scraper] Vérification essai routier: WY73586 (Renault Scenic 1.5 dCi Dynamique)...
  -> DEFAUTS détectés, filtré
[Scraper] Vérification essai routier: CH31722 (Volvo S40 1.6 D Kinetic)...
  -> CLEAN - essai routier OK, année 2006
[Scraper] Vérification essai routier: LR48033 (Renault Kangoo 1.5 dCi Authentique)...
  -> CLEAN - essai routier OK, année 2010
[Scraper] Vérification essai routier: AA92691 (Peugeot 307 2.0 Basis)...
  -> DEFAUTS détectés, filtré
[Scraper] Vérification essai routier: NJ05665 (Peugeot 107 1.0 Active)...
  -> CLEAN - essai routier OK, année 2011
[Scraper] Vérification essai routier: VK03093 (Seat Altea 1.6 Stylance / Style)...
  -> DEFAUTS détectés, filtré
[Scraper] Vérification essai routier: LN11729 (Citroen C4 1.6 HDi VTR)...
  -> DEFAUTS détectés, filtré
[Scraper] Vérification essai routier: DY52645 (Fiat Punto Evo 1.3 JTD Dynamic)...
  -> DEFAUTS détectés, filtré
[Scraper] Vérification essai routier: ZW75725 (Chevrolet Cruze 1.7 Diesel LTZ)...
  -> DEFAUTS détectés, filtré
[Scraper] Vérification essai routier: CJ82841 (Peugeot 308 1.6 HDi Confort Pack)...
  -> DEFAUTS détectés, filtré
[Scraper] Vérification essai routier: FU95990 (BMW 1er 118d Confort)...
  -> DEFAUTS détectés, filtré
[Scraper] Vérification essai routier: YH71527 (Hyundai i20 1.1 CRDi 5 Star Edition)...
  -> DEFAUTS détectés, filtré
[Scraper] Vérification essai routier: KU74054 (Ford Focus 1.8 TDCi Ghia)...
  -> DEFAUTS détectés, filtré
[Scraper] Vérification essai routier: LG74980 (Audi A3 Sportback 2.0 TDI Ambition)...
  -> DEFAUTS détectés, filtré
[Scraper] Vérification essai routier: RM88358 (Peugeot 207 1.4 VTi Premium)...
  -> DEFAUTS détectés, filtré
[Scraper] Vérification essai routier: NP39353 (Renault Clio 1.2 Authentique)...
  -> CLEAN - essai routier OK, année 2009
[Scraper] Vérification essai routier: HX01439 (Toyota Aygo 1.0)...
  -> DEFAUTS détectés, filtré
[Scraper] Vérification essai routier: DS89614 (Kia cee'd 1.4 CRDi Motion)...
  -> DEFAUTS détectés, filtré
[Scraper] Vérification essai routier: TR06139 (Skoda Superb 2.0 TDI Elegance)...
  -> DEFAUTS détectés, filtré
[Scraper] Vérification essai routier: HY48791 (Suzuki Swift 1.3 DDiS GL 3 portes)...
  -> DEFAUTS détectés, filtré
[Scraper] Vérification essai routier: GX94493 (Renault Clio 1.5 dCi Privilege)...
  -> DEFAUTS détectés, filtré
[Scraper] Vérification essai routier: LL54380 (Mazda 6 2.2 Turbodiesel CRDT Sports-Line)...
  -> DEFAUTS détectés, filtré
[Scraper] Vérification essai routier: VS24373 (Ford Ka 1.2 Ambiente)...
  -> CLEAN - essai routier OK, année 2009
[Scraper] Vérification essai routier: AU32264 (Renault Clio 1.2 Authentique)...
  -> DEFAUTS détectés, filtré
[Scraper] Vérification essai routier: HT03619 (Citroen C5 2.0 Ambiance)...
  -> DEFAUTS détectés, filtré
[Scraper] Vérification essai routier: NG09460 (Peugeot 206 1.6 HDi Trendy)...
  -> CLEAN - essai routier OK, année 2005
[Scraper] Vérification essai routier: WS82863 (Volkswagen Polo 1.6 TDI Comfortline)...
  -> DEFAUTS détectés, filtré
[Scraper] Vérification essai routier: PH84744 (Peugeot 307 1.6 XT)...
  -> DEFAUTS détectés, filtré
[Scraper] Vérification essai routier: LD54866 (Toyota Avensis 2.2 D-4D Life)...
  -> DEFAUTS détectés, filtré
[Scraper] Vérification essai routier: MS48227 (Volkswagen Golf V 1.9 TDI Comfortline)...
  -> DEFAUTS détectés, filtré
[Scraper] Vérification essai routier: YP50913 (Audi A4 2.0 TDI Ambition)...
  -> DEFAUTS détectés, filtré
[Scraper] Vérification essai routier: LZ30452 (Toyota Yaris 1.3 VVT-i Luna)...
  -> DEFAUTS détectés, filtré
[Scraper] Vérification essai routier: ZW72190 (Citroen C3 1.4 Ambiance)...
  -> DEFAUTS détectés, filtré
[Scraper] Vérification essai routier: NH57081 (Nissan Note 1.5 dCi Acenta)...
  -> DEFAUTS détectés, filtré
[Scraper] Vérification essai routier: JZ77758 (Citroen C4 1.6 HDi Ambiance)...
  -> DEFAUTS détectés, filtré
[Scraper] Vérification essai routier: RZ02721 (Volkswagen Sharan 1.9 TDI Trendline)...
  -> DEFAUTS détectés, filtré
[Scraper] 7/40 véhicules avec essai routier propre
[BotManager] 🚗 Auto1 - Vestric 200km: 7 trouvés, 0 nouveaux, 0 notifiés (133760ms)
