[dotenv@17.3.1] injecting env (11) from .env -- tip: ⚙️  suppress all logs with { quiet: true }
[dotenv@17.3.1] injecting env (0) from .env -- tip: 🔐 encrypt with Dotenvx: https://dotenvx.com
[dotenv@17.3.1] injecting env (0) from .env -- tip: ⚙️  suppress all logs with { quiet: true }
🚗 Auto1 Monitor démarré
  - Scan toutes les 30 min (10h-17h)
  - WhatsApp: configuré


[12/03/2026 09:16:38] Scan en cours...
[Scraper] Connexion à Auto1...
[Scraper] Déjà connecté
[Scraper] Navigation vers la recherche...
[Scraper] Résultats: ?
[Scraper] Page 1...
[Scraper] 40 deals extraits sur 1 pages
[Scraper] Vérification essai routier: FP16629 (Alfa Romeo Alfa 159 1.9 JTD JTDM ti)...
  -> DEFAUTS détectés, filtré
[Scraper] Vérification essai routier: UK77077 (Skoda Fabia 1.2 Ambiente)...
  -> DEFAUTS détectés, filtré
[Scraper] Vérification essai routier: WS82863 (Volkswagen Polo 1.6 TDI Comfortline)...
  -> DEFAUTS détectés, filtré
[Scraper] Vérification essai routier: LT27433 (Peugeot 307 1.6 HDi X Line)...
  -> DEFAUTS détectés, filtré
[Scraper] Vérification essai routier: BX33058 (Renault Clio 1.4 RXE)...
  -> DEFAUTS détectés, filtré
[Scraper] Vérification essai routier: JC39218 (Peugeot 307 2.0 HDi Tendance)...
  -> DEFAUTS détectés, filtré
[Scraper] Vérification essai routier: KX22014 (Fiat Punto 1.2)...
  -> DEFAUTS détectés, filtré
[Scraper] Vérification essai routier: JX04019 (Peugeot 106 1.0 Kid)...
  -> Essai OK mais année 1994 < 2002, filtré
[Scraper] Vérification essai routier: VR32762 (Nissan Almera Tino 2.2 Turbodiesel Ambience)...
  -> DEFAUTS détectés, filtré
[Scraper] Vérification essai routier: YP50913 (Audi A4 2.0 TDI Ambition)...
  -> DEFAUTS détectés, filtré
[Scraper] Vérification essai routier: WX44005 (Nissan Note 1.4 Acenta)...
  -> CLEAN - essai routier OK, année 2008
[Scraper] Vérification essai routier: ST93456 (Suzuki Swift 1.3 GL 5 portes)...
  -> DEFAUTS détectés, filtré
[Scraper] Vérification essai routier: VK03093 (Seat Altea 1.6 Stylance / Style)...
  -> DEFAUTS détectés, filtré
[Scraper] Vérification essai routier: DW58063 (Citroen C4 Grand Picasso 1.6 HDi Exclusive)...
  -> DEFAUTS détectés, filtré
[Scraper] Vérification essai routier: GP73655 (Hyundai Tucson 2.0 CRDi GLS)...
  -> DEFAUTS détectés, filtré
[Scraper] Vérification essai routier: NP89153 (Jaguar S-TYPE 2.7 D V6 Classic)...
  -> DEFAUTS détectés, filtré
[Scraper] Vérification essai routier: YE46375 (Renault Grand Scenic 1.9 dCi Privilege)...
  -> DEFAUTS détectés, filtré
[Scraper] Vérification essai routier: KV23742 (Volkswagen Eos 2.0 TDI)...
  -> DEFAUTS détectés, filtré
[Scraper] Vérification essai routier: ZP90301 (Citroen Xsara Picasso 2.0 HDi Collection)...
  -> DEFAUTS détectés, filtré
[Scraper] Vérification essai routier: MR10155 (Renault Twingo 1.2 Expression)...
  -> DEFAUTS détectés, filtré
[Scraper] Vérification essai routier: LG74980 (Audi A3 Sportback 2.0 TDI Ambition)...
  -> DEFAUTS détectés, filtré
[Scraper] Vérification essai routier: CX61737 (Ford C-Max 2.0 TDCi Ghia)...
  -> DEFAUTS détectés, filtré
[Scraper] Vérification essai routier: FN88913 (Renault Clio 1.5 dCi Campus Pack Sport)...
  -> DEFAUTS détectés, filtré
[Scraper] Vérification essai routier: YH71527 (Hyundai i20 1.1 CRDi 5 Star Edition)...
  -> DEFAUTS détectés, filtré
[Scraper] Vérification essai routier: XL15298 (Opel Meriva 1.7 CDTI Connect Pack)...
  -> DEFAUTS détectés, filtré
[Scraper] Vérification essai routier: WY73586 (Renault Scenic 1.5 dCi Dynamique)...
  -> DEFAUTS détectés, filtré
[Scraper] Vérification essai routier: AD92116 (Renault Megane 1.9 dCi Dynamique)...
  -> DEFAUTS détectés, filtré
[Scraper] Vérification essai routier: DT84909 (Audi A4 3.0 V6 TDI quattro)...
  -> DEFAUTS détectés, filtré
[Scraper] Vérification essai routier: GX94493 (Renault Clio 1.5 dCi Privilege)...
  -> DEFAUTS détectés, filtré
[Scraper] Vérification essai routier: GB89702 (Seat Leon 1.9 TDI Stella)...
  -> DEFAUTS détectés, filtré
[Scraper] Vérification essai routier: AA92691 (Peugeot 307 2.0 Basis)...
  -> DEFAUTS détectés, filtré
[Scraper] Vérification essai routier: AX98718 (Citroen C3 Picasso 1.4 VTi Confort)...
  -> DEFAUTS détectés, filtré
[Scraper] Vérification essai routier: UJ10751 (Citroen C4 Picasso 1.6 HDi Millenium)...
  -> CLEAN - essai routier OK, année 2012
[Scraper] Vérification essai routier: BX08433 (Renault Clio 1.5 dCi Expression)...
  -> DEFAUTS détectés, filtré
[Scraper] Vérification essai routier: LL54380 (Mazda 6 2.2 Turbodiesel CRDT Sports-Line)...
  -> DEFAUTS détectés, filtré
[Scraper] Vérification essai routier: BR71892 (Renault Laguna 1.5 dCi Black Edition Carminat)...
  -> DEFAUTS détectés, filtré
[Scraper] Vérification essai routier: RD72139 (Peugeot 406 1.9 Turbodiesel SV)...
  -> DEFAUTS détectés, filtré
[Scraper] Vérification essai routier: LZ40911 (Volkswagen Golf IV 1.6)...
  -> DEFAUTS détectés, filtré
[Scraper] Vérification essai routier: AB13992 (Dacia Sandero 1.5 dCi Stepway II)...
  -> CLEAN - essai routier OK, année 2012
[Scraper] Vérification essai routier: AU32264 (Renault Clio 1.2 Authentique)...
  -> DEFAUTS détectés, filtré
[Scraper] 3/40 véhicules avec essai routier propre
[Monitor] 3 deals trouvés
[Monitor] 0 nouveaux deals

[12/03/2026 10:00:00] Scan en cours...
[Scraper] Connexion à Auto1...
[Scraper] Déjà connecté
[Scraper] Navigation vers la recherche...
[Scraper] Résultats: ?
[Scraper] Page 1...
[Scraper] 40 deals extraits sur 1 pages
[Scraper] Vérification essai routier: KL11677 (Renault Scenic 1.5 dCi Pack Authentique)...
  -> DEFAUTS détectés, filtré
[Scraper] Vérification essai routier: JT00910 (Citroen C4 Picasso 1.6 HDi Tendance)...
  -> DEFAUTS détectés, filtré
[Scraper] Vérification essai routier: VH60046 (Volvo S60 2.4 D Momentum)...
  -> DEFAUTS détectés, filtré
[Scraper] Vérification essai routier: FP16629 (Alfa Romeo Alfa 159 1.9 JTD JTDM ti)...
  -> DEFAUTS détectés, filtré
[Scraper] Vérification essai routier: UK77077 (Skoda Fabia 1.2 Ambiente)...
  -> DEFAUTS détectés, filtré
[Scraper] Vérification essai routier: WS82863 (Volkswagen Polo 1.6 TDI Comfortline)...
  -> DEFAUTS détectés, filtré
[Scraper] Vérification essai routier: LT27433 (Peugeot 307 1.6 HDi X Line)...
  -> DEFAUTS détectés, filtré
[Scraper] Vérification essai routier: BX33058 (Renault Clio 1.4 RXE)...
  -> DEFAUTS détectés, filtré
[Scraper] Vérification essai routier: JC39218 (Peugeot 307 2.0 HDi Tendance)...
  -> DEFAUTS détectés, filtré
[Scraper] Vérification essai routier: KX22014 (Fiat Punto 1.2)...
  -> DEFAUTS détectés, filtré
[Scraper] Vérification essai routier: JX04019 (Peugeot 106 1.0 Kid)...
  -> Essai OK mais année 1994 < 2002, filtré
[Scraper] Vérification essai routier: VR32762 (Nissan Almera Tino 2.2 Turbodiesel Ambience)...
  -> DEFAUTS détectés, filtré
[Scraper] Vérification essai routier: YP50913 (Audi A4 2.0 TDI Ambition)...
  -> DEFAUTS détectés, filtré
[Scraper] Vérification essai routier: WX44005 (Nissan Note 1.4 Acenta)...
  -> CLEAN - essai routier OK, année 2008
[Scraper] Vérification essai routier: ST93456 (Suzuki Swift 1.3 GL 5 portes)...
  -> DEFAUTS détectés, filtré
[Scraper] Vérification essai routier: VK03093 (Seat Altea 1.6 Stylance / Style)...
  -> DEFAUTS détectés, filtré
[Scraper] Vérification essai routier: DW58063 (Citroen C4 Grand Picasso 1.6 HDi Exclusive)...
  -> DEFAUTS détectés, filtré
[Scraper] Vérification essai routier: GP73655 (Hyundai Tucson 2.0 CRDi GLS)...
  -> DEFAUTS détectés, filtré
[Scraper] Vérification essai routier: NP89153 (Jaguar S-TYPE 2.7 D V6 Classic)...
  -> DEFAUTS détectés, filtré
[Scraper] Vérification essai routier: YE46375 (Renault Grand Scenic 1.9 dCi Privilege)...
  -> DEFAUTS détectés, filtré
[Scraper] Vérification essai routier: KV23742 (Volkswagen Eos 2.0 TDI)...
  -> DEFAUTS détectés, filtré
[Scraper] Vérification essai routier: ZP90301 (Citroen Xsara Picasso 2.0 HDi Collection)...
  -> DEFAUTS détectés, filtré
[Scraper] Vérification essai routier: MR10155 (Renault Twingo 1.2 Expression)...
  -> DEFAUTS détectés, filtré
[Scraper] Vérification essai routier: LG74980 (Audi A3 Sportback 2.0 TDI Ambition)...
  -> DEFAUTS détectés, filtré
[Scraper] Vérification essai routier: CX61737 (Ford C-Max 2.0 TDCi Ghia)...
  -> DEFAUTS détectés, filtré
[Scraper] Vérification essai routier: FN88913 (Renault Clio 1.5 dCi Campus Pack Sport)...
  -> DEFAUTS détectés, filtré
[Scraper] Vérification essai routier: YH71527 (Hyundai i20 1.1 CRDi 5 Star Edition)...
  -> DEFAUTS détectés, filtré
[Scraper] Vérification essai routier: XL15298 (Opel Meriva 1.7 CDTI Connect Pack)...
  -> DEFAUTS détectés, filtré
[Scraper] Vérification essai routier: WY73586 (Renault Scenic 1.5 dCi Dynamique)...
  -> DEFAUTS détectés, filtré
[Scraper] Vérification essai routier: AD92116 (Renault Megane 1.9 dCi Dynamique)...
  -> DEFAUTS détectés, filtré
[Scraper] Vérification essai routier: DT84909 (Audi A4 3.0 V6 TDI quattro)...
  -> DEFAUTS détectés, filtré
[Scraper] Vérification essai routier: GX94493 (Renault Clio 1.5 dCi Privilege)...
  -> DEFAUTS détectés, filtré
[Scraper] Vérification essai routier: GB89702 (Seat Leon 1.9 TDI Stella)...
  -> DEFAUTS détectés, filtré
[Scraper] Vérification essai routier: AA92691 (Peugeot 307 2.0 Basis)...
  -> DEFAUTS détectés, filtré
[Scraper] Vérification essai routier: AX98718 (Citroen C3 Picasso 1.4 VTi Confort)...
  -> DEFAUTS détectés, filtré
[Scraper] Vérification essai routier: UJ10751 (Citroen C4 Picasso 1.6 HDi Millenium)...
  -> CLEAN - essai routier OK, année 2012
[Scraper] Vérification essai routier: BX08433 (Renault Clio 1.5 dCi Expression)...
  -> DEFAUTS détectés, filtré
[Scraper] Vérification essai routier: LL54380 (Mazda 6 2.2 Turbodiesel CRDT Sports-Line)...
  -> DEFAUTS détectés, filtré
[Scraper] Vérification essai routier: BR71892 (Renault Laguna 1.5 dCi Black Edition Carminat)...
  -> DEFAUTS détectés, filtré
[Scraper] Vérification essai routier: RD72139 (Peugeot 406 1.9 Turbodiesel SV)...
  -> DEFAUTS détectés, filtré
[Scraper] 2/40 véhicules avec essai routier propre
[Monitor] 2 deals trouvés
[Monitor] 0 nouveaux deals

[12/03/2026 10:30:00] Scan en cours...
[Scraper] Connexion à Auto1...
[Scraper] Déjà connecté
[Scraper] Navigation vers la recherche...
[Scraper] Résultats: ?
[Scraper] Page 1...
[Scraper] 40 deals extraits sur 1 pages
[Scraper] Vérification essai routier: SA46597 (Volkswagen Fox 1.2)...
  -> DEFAUTS détectés, filtré
[Scraper] Vérification essai routier: PS06942 (Lancia Lancia Y 1.2 Elefantino Blu)...
  -> DEFAUTS détectés, filtré
[Scraper] Vérification essai routier: MU08785 (Peugeot 308 1.6 HDi Confort)...
  -> DEFAUTS détectés, filtré
[Scraper] Vérification essai routier: KL11677 (Renault Scenic 1.5 dCi Pack Authentique)...
  -> DEFAUTS détectés, filtré
[Scraper] Vérification essai routier: JT00910 (Citroen C4 Picasso 1.6 HDi Tendance)...
  -> DEFAUTS détectés, filtré
[Scraper] Vérification essai routier: VH60046 (Volvo S60 2.4 D Momentum)...
  -> DEFAUTS détectés, filtré
[Scraper] Vérification essai routier: FP16629 (Alfa Romeo Alfa 159 1.9 JTD JTDM ti)...
  -> DEFAUTS détectés, filtré
[Scraper] Vérification essai routier: UK77077 (Skoda Fabia 1.2 Ambiente)...
  -> DEFAUTS détectés, filtré
[Scraper] Vérification essai routier: WS82863 (Volkswagen Polo 1.6 TDI Comfortline)...
  -> DEFAUTS détectés, filtré
[Scraper] Vérification essai routier: LT27433 (Peugeot 307 1.6 HDi X Line)...
  -> DEFAUTS détectés, filtré
[Scraper] Vérification essai routier: BX33058 (Renault Clio 1.4 RXE)...
  -> DEFAUTS détectés, filtré
[Scraper] Vérification essai routier: JC39218 (Peugeot 307 2.0 HDi Tendance)...
  -> DEFAUTS détectés, filtré
[Scraper] Vérification essai routier: KX22014 (Fiat Punto 1.2)...
  -> DEFAUTS détectés, filtré
[Scraper] Vérification essai routier: JX04019 (Peugeot 106 1.0 Kid)...
  -> Essai OK mais année 1994 < 2002, filtré
[Scraper] Vérification essai routier: VR32762 (Nissan Almera Tino 2.2 Turbodiesel Ambience)...
  -> DEFAUTS détectés, filtré
[Scraper] Vérification essai routier: YP50913 (Audi A4 2.0 TDI Ambition)...
  -> DEFAUTS détectés, filtré
[Scraper] Vérification essai routier: WX44005 (Nissan Note 1.4 Acenta)...
  -> CLEAN - essai routier OK, année 2008
[Scraper] Vérification essai routier: ST93456 (Suzuki Swift 1.3 GL 5 portes)...
  -> DEFAUTS détectés, filtré
[Scraper] Vérification essai routier: VK03093 (Seat Altea 1.6 Stylance / Style)...
  -> DEFAUTS détectés, filtré
[Scraper] Vérification essai routier: DW58063 (Citroen C4 Grand Picasso 1.6 HDi Exclusive)...
  -> DEFAUTS détectés, filtré
[Scraper] Vérification essai routier: GP73655 (Hyundai Tucson 2.0 CRDi GLS)...
  -> DEFAUTS détectés, filtré
[Scraper] Vérification essai routier: NP89153 (Jaguar S-TYPE 2.7 D V6 Classic)...
  -> DEFAUTS détectés, filtré
[Scraper] Vérification essai routier: YE46375 (Renault Grand Scenic 1.9 dCi Privilege)...
  -> DEFAUTS détectés, filtré
[Scraper] Vérification essai routier: KV23742 (Volkswagen Eos 2.0 TDI)...
  -> DEFAUTS détectés, filtré
[Scraper] Vérification essai routier: ZP90301 (Citroen Xsara Picasso 2.0 HDi Collection)...
  -> DEFAUTS détectés, filtré
[Scraper] Vérification essai routier: MR10155 (Renault Twingo 1.2 Expression)...
  -> DEFAUTS détectés, filtré
[Scraper] Vérification essai routier: LG74980 (Audi A3 Sportback 2.0 TDI Ambition)...
  -> DEFAUTS détectés, filtré
[Scraper] Vérification essai routier: CX61737 (Ford C-Max 2.0 TDCi Ghia)...
  -> DEFAUTS détectés, filtré
[Scraper] Vérification essai routier: FN88913 (Renault Clio 1.5 dCi Campus Pack Sport)...
  -> DEFAUTS détectés, filtré
[Scraper] Vérification essai routier: YH71527 (Hyundai i20 1.1 CRDi 5 Star Edition)...
  -> DEFAUTS détectés, filtré
[Scraper] Vérification essai routier: XL15298 (Opel Meriva 1.7 CDTI Connect Pack)...
  -> DEFAUTS détectés, filtré
[Scraper] Vérification essai routier: WY73586 (Renault Scenic 1.5 dCi Dynamique)...
  -> DEFAUTS détectés, filtré
[Scraper] Vérification essai routier: AD92116 (Renault Megane 1.9 dCi Dynamique)...
  -> DEFAUTS détectés, filtré
[Scraper] Vérification essai routier: DT84909 (Audi A4 3.0 V6 TDI quattro)...
  -> DEFAUTS détectés, filtré
[Scraper] Vérification essai routier: GX94493 (Renault Clio 1.5 dCi Privilege)...
  -> DEFAUTS détectés, filtré
[Scraper] Vérification essai routier: GB89702 (Seat Leon 1.9 TDI Stella)...
  -> DEFAUTS détectés, filtré
[Scraper] Vérification essai routier: AA92691 (Peugeot 307 2.0 Basis)...
  -> DEFAUTS détectés, filtré
[Scraper] Vérification essai routier: AX98718 (Citroen C3 Picasso 1.4 VTi Confort)...
  -> DEFAUTS détectés, filtré
[Scraper] Vérification essai routier: UJ10751 (Citroen C4 Picasso 1.6 HDi Millenium)...
  -> CLEAN - essai routier OK, année 2012
[Scraper] Vérification essai routier: BX08433 (Renault Clio 1.5 dCi Expression)...
  -> DEFAUTS détectés, filtré
[Scraper] 2/40 véhicules avec essai routier propre
[Monitor] 2 deals trouvés
[Monitor] 0 nouveaux deals

[12/03/2026 11:00:00] Scan en cours...
[Scraper] Connexion à Auto1...
[Scraper] Déjà connecté
[Scraper] Navigation vers la recherche...
[Scraper] Résultats: ?
[Scraper] Page 1...
[Scraper] 40 deals extraits sur 1 pages
[Scraper] Vérification essai routier: MS28953 (Chevrolet Matiz 0.8 SE)...
  -> CLEAN - essai routier OK, année 2009
[Scraper] Vérification essai routier: CJ11161 (Nissan Vanette Cargo 2.3 Diesel Kasten)...
  -> Essai OK mais année 1997 < 2002, filtré
[Scraper] Vérification essai routier: SA46597 (Volkswagen Fox 1.2)...
  -> DEFAUTS détectés, filtré
[Scraper] Vérification essai routier: PS06942 (Lancia Lancia Y 1.2 Elefantino Blu)...
  -> DEFAUTS détectés, filtré
[Scraper] Vérification essai routier: MU08785 (Peugeot 308 1.6 HDi Confort)...
  -> DEFAUTS détectés, filtré
[Scraper] Vérification essai routier: KL11677 (Renault Scenic 1.5 dCi Pack Authentique)...
  -> DEFAUTS détectés, filtré
[Scraper] Vérification essai routier: JT00910 (Citroen C4 Picasso 1.6 HDi Tendance)...
  -> DEFAUTS détectés, filtré
[Scraper] Vérification essai routier: VH60046 (Volvo S60 2.4 D Momentum)...
  -> DEFAUTS détectés, filtré
[Scraper] Vérification essai routier: FP16629 (Alfa Romeo Alfa 159 1.9 JTD JTDM ti)...
  -> DEFAUTS détectés, filtré
[Scraper] Vérification essai routier: UK77077 (Skoda Fabia 1.2 Ambiente)...
  -> DEFAUTS détectés, filtré
[Scraper] Vérification essai routier: WS82863 (Volkswagen Polo 1.6 TDI Comfortline)...
  -> DEFAUTS détectés, filtré
[Scraper] Vérification essai routier: LT27433 (Peugeot 307 1.6 HDi X Line)...
  -> DEFAUTS détectés, filtré
[Scraper] Vérification essai routier: BX33058 (Renault Clio 1.4 RXE)...
  -> DEFAUTS détectés, filtré
[Scraper] Vérification essai routier: JC39218 (Peugeot 307 2.0 HDi Tendance)...
  -> DEFAUTS détectés, filtré
[Scraper] Vérification essai routier: KX22014 (Fiat Punto 1.2)...
  -> DEFAUTS détectés, filtré
[Scraper] Vérification essai routier: JX04019 (Peugeot 106 1.0 Kid)...
  -> Essai OK mais année 1994 < 2002, filtré
[Scraper] Vérification essai routier: VR32762 (Nissan Almera Tino 2.2 Turbodiesel Ambience)...
  -> DEFAUTS détectés, filtré
[Scraper] Vérification essai routier: YP50913 (Audi A4 2.0 TDI Ambition)...
  -> DEFAUTS détectés, filtré
[Scraper] Vérification essai routier: WX44005 (Nissan Note 1.4 Acenta)...
  -> CLEAN - essai routier OK, année 2008
[Scraper] Vérification essai routier: ST93456 (Suzuki Swift 1.3 GL 5 portes)...
  -> DEFAUTS détectés, filtré
[Scraper] Vérification essai routier: VK03093 (Seat Altea 1.6 Stylance / Style)...
  -> DEFAUTS détectés, filtré
[Scraper] Vérification essai routier: DW58063 (Citroen C4 Grand Picasso 1.6 HDi Exclusive)...
  -> DEFAUTS détectés, filtré
[Scraper] Vérification essai routier: GP73655 (Hyundai Tucson 2.0 CRDi GLS)...
  -> DEFAUTS détectés, filtré
[Scraper] Vérification essai routier: NP89153 (Jaguar S-TYPE 2.7 D V6 Classic)...
  -> DEFAUTS détectés, filtré
[Scraper] Vérification essai routier: YE46375 (Renault Grand Scenic 1.9 dCi Privilege)...
  -> DEFAUTS détectés, filtré
[Scraper] Vérification essai routier: KV23742 (Volkswagen Eos 2.0 TDI)...
  -> DEFAUTS détectés, filtré
[Scraper] Vérification essai routier: ZP90301 (Citroen Xsara Picasso 2.0 HDi Collection)...
  -> DEFAUTS détectés, filtré
[Scraper] Vérification essai routier: MR10155 (Renault Twingo 1.2 Expression)...
  -> DEFAUTS détectés, filtré
[Scraper] Vérification essai routier: LG74980 (Audi A3 Sportback 2.0 TDI Ambition)...
  -> DEFAUTS détectés, filtré
[Scraper] Vérification essai routier: CX61737 (Ford C-Max 2.0 TDCi Ghia)...
  -> DEFAUTS détectés, filtré
[Scraper] Vérification essai routier: FN88913 (Renault Clio 1.5 dCi Campus Pack Sport)...
  -> DEFAUTS détectés, filtré
[Scraper] Vérification essai routier: YH71527 (Hyundai i20 1.1 CRDi 5 Star Edition)...
  -> DEFAUTS détectés, filtré
[Scraper] Vérification essai routier: XL15298 (Opel Meriva 1.7 CDTI Connect Pack)...
  -> DEFAUTS détectés, filtré
[Scraper] Vérification essai routier: WY73586 (Renault Scenic 1.5 dCi Dynamique)...
  -> DEFAUTS détectés, filtré
[Scraper] Vérification essai routier: AD92116 (Renault Megane 1.9 dCi Dynamique)...
  -> DEFAUTS détectés, filtré
[Scraper] Vérification essai routier: DT84909 (Audi A4 3.0 V6 TDI quattro)...
  -> DEFAUTS détectés, filtré
[Scraper] Vérification essai routier: GX94493 (Renault Clio 1.5 dCi Privilege)...
  -> DEFAUTS détectés, filtré
[Scraper] Vérification essai routier: GB89702 (Seat Leon 1.9 TDI Stella)...
  -> DEFAUTS détectés, filtré
[Scraper] Vérification essai routier: AA92691 (Peugeot 307 2.0 Basis)...
  -> DEFAUTS détectés, filtré
[Scraper] Vérification essai routier: AX98718 (Citroen C3 Picasso 1.4 VTi Confort)...
  -> DEFAUTS détectés, filtré
[Scraper] 2/40 véhicules avec essai routier propre
[Monitor] 2 deals trouvés
[Monitor] 2 nouveaux deals
[Monitor] 1 deals à notifier
[WhatsApp] Message avec image envoyé

[12/03/2026 11:30:00] Scan en cours...
[Scraper] Connexion à Auto1...
[Scraper] Déjà connecté
[Scraper] Navigation vers la recherche...
[Scraper] Résultats: ?
[Scraper] Page 1...
[Scraper] 40 deals extraits sur 1 pages
[Scraper] Vérification essai routier: PH06575 (Volkswagen Golf V 1.9 TDI Trendline)...
  -> DEFAUTS détectés, filtré
[Scraper] Vérification essai routier: MS28953 (Chevrolet Matiz 0.8 SE)...
  -> CLEAN - essai routier OK, année 2009
[Scraper] Vérification essai routier: CJ11161 (Nissan Vanette Cargo 2.3 Diesel Kasten)...
  -> Essai OK mais année 1997 < 2002, filtré
[Scraper] Vérification essai routier: SA46597 (Volkswagen Fox 1.2)...
  -> DEFAUTS détectés, filtré
[Scraper] Vérification essai routier: PS06942 (Lancia Lancia Y 1.2 Elefantino Blu)...
  -> DEFAUTS détectés, filtré
[Scraper] Vérification essai routier: MU08785 (Peugeot 308 1.6 HDi Confort)...
  -> DEFAUTS détectés, filtré
[Scraper] Vérification essai routier: KL11677 (Renault Scenic 1.5 dCi Pack Authentique)...
  -> DEFAUTS détectés, filtré
[Scraper] Vérification essai routier: JT00910 (Citroen C4 Picasso 1.6 HDi Tendance)...
  -> DEFAUTS détectés, filtré
[Scraper] Vérification essai routier: VH60046 (Volvo S60 2.4 D Momentum)...
  -> DEFAUTS détectés, filtré
[Scraper] Vérification essai routier: FP16629 (Alfa Romeo Alfa 159 1.9 JTD JTDM ti)...
  -> DEFAUTS détectés, filtré
[Scraper] Vérification essai routier: UK77077 (Skoda Fabia 1.2 Ambiente)...
  -> DEFAUTS détectés, filtré
[Scraper] Vérification essai routier: WS82863 (Volkswagen Polo 1.6 TDI Comfortline)...
  -> DEFAUTS détectés, filtré
[Scraper] Vérification essai routier: LT27433 (Peugeot 307 1.6 HDi X Line)...
  -> DEFAUTS détectés, filtré
[Scraper] Vérification essai routier: BX33058 (Renault Clio 1.4 RXE)...
  -> DEFAUTS détectés, filtré
[Scraper] Vérification essai routier: JC39218 (Peugeot 307 2.0 HDi Tendance)...
  -> DEFAUTS détectés, filtré
[Scraper] Vérification essai routier: KX22014 (Fiat Punto 1.2)...
  -> DEFAUTS détectés, filtré
[Scraper] Vérification essai routier: JX04019 (Peugeot 106 1.0 Kid)...
  -> Essai OK mais année 1994 < 2002, filtré
[Scraper] Vérification essai routier: VR32762 (Nissan Almera Tino 2.2 Turbodiesel Ambience)...
  -> DEFAUTS détectés, filtré
[Scraper] Vérification essai routier: YP50913 (Audi A4 2.0 TDI Ambition)...
  -> DEFAUTS détectés, filtré
[Scraper] Vérification essai routier: WX44005 (Nissan Note 1.4 Acenta)...
  -> CLEAN - essai routier OK, année 2008
[Scraper] Vérification essai routier: ST93456 (Suzuki Swift 1.3 GL 5 portes)...
  -> DEFAUTS détectés, filtré
[Scraper] Vérification essai routier: VK03093 (Seat Altea 1.6 Stylance / Style)...
  -> DEFAUTS détectés, filtré
[Scraper] Vérification essai routier: DW58063 (Citroen C4 Grand Picasso 1.6 HDi Exclusive)...
  -> DEFAUTS détectés, filtré
[Scraper] Vérification essai routier: GP73655 (Hyundai Tucson 2.0 CRDi GLS)...
  -> DEFAUTS détectés, filtré
[Scraper] Vérification essai routier: NP89153 (Jaguar S-TYPE 2.7 D V6 Classic)...
  -> DEFAUTS détectés, filtré
[Scraper] Vérification essai routier: YE46375 (Renault Grand Scenic 1.9 dCi Privilege)...
  -> DEFAUTS détectés, filtré
[Scraper] Vérification essai routier: KV23742 (Volkswagen Eos 2.0 TDI)...
  -> DEFAUTS détectés, filtré
[Scraper] Vérification essai routier: ZP90301 (Citroen Xsara Picasso 2.0 HDi Collection)...
  -> DEFAUTS détectés, filtré
[Scraper] Vérification essai routier: MR10155 (Renault Twingo 1.2 Expression)...
  -> DEFAUTS détectés, filtré
[Scraper] Vérification essai routier: LG74980 (Audi A3 Sportback 2.0 TDI Ambition)...
  -> DEFAUTS détectés, filtré
[Scraper] Vérification essai routier: CX61737 (Ford C-Max 2.0 TDCi Ghia)...
  -> DEFAUTS détectés, filtré
[Scraper] Vérification essai routier: FN88913 (Renault Clio 1.5 dCi Campus Pack Sport)...
  -> DEFAUTS détectés, filtré
[Scraper] Vérification essai routier: YH71527 (Hyundai i20 1.1 CRDi 5 Star Edition)...
  -> DEFAUTS détectés, filtré
[Scraper] Vérification essai routier: XL15298 (Opel Meriva 1.7 CDTI Connect Pack)...
  -> DEFAUTS détectés, filtré
[Scraper] Vérification essai routier: WY73586 (Renault Scenic 1.5 dCi Dynamique)...
  -> DEFAUTS détectés, filtré
[Scraper] Vérification essai routier: AD92116 (Renault Megane 1.9 dCi Dynamique)...
  -> DEFAUTS détectés, filtré
[Scraper] Vérification essai routier: DT84909 (Audi A4 3.0 V6 TDI quattro)...
  -> DEFAUTS détectés, filtré
[Scraper] Vérification essai routier: GX94493 (Renault Clio 1.5 dCi Privilege)...
  -> DEFAUTS détectés, filtré
[Scraper] Vérification essai routier: GB89702 (Seat Leon 1.9 TDI Stella)...
  -> DEFAUTS détectés, filtré
[Scraper] Vérification essai routier: AA92691 (Peugeot 307 2.0 Basis)...
  -> DEFAUTS détectés, filtré
[Scraper] 2/40 véhicules avec essai routier propre
[Monitor] 2 deals trouvés
[Monitor] 0 nouveaux deals

[12/03/2026 12:00:00] Scan en cours...
[Scraper] Connexion à Auto1...
[Scraper] Déjà connecté
[Scraper] Navigation vers la recherche...
[Scraper] Résultats: ?
[Scraper] Page 1...
[Scraper] 40 deals extraits sur 1 pages
[Scraper] Vérification essai routier: CE40933 (Mazda 626 2.0 Turbodiesel T-Diesel Comfort)...
  -> DEFAUTS détectés, filtré
[Scraper] Vérification essai routier: WF79424 (Volkswagen Polo 1.9 TDI Comfortline)...
  -> DEFAUTS détectés, filtré
[Scraper] Vérification essai routier: FT80096 (Renault Laguna 2.0 dCi BOSE Edition)...
  -> DEFAUTS détectés, filtré
[Scraper] Vérification essai routier: BC90814 (Renault Megane 1.5 dCi Expression)...
  -> DEFAUTS détectés, filtré
[Scraper] Vérification essai routier: YE59466 (Peugeot 406 2.0)...
  -> Essai OK mais année 1998 < 2002, filtré
[Scraper] Vérification essai routier: FM74002 (Peugeot 207 1.4 HDi Active)...
  -> DEFAUTS détectés, filtré
[Scraper] Vérification essai routier: JZ77758 (Citroen C4 1.6 HDi Ambiance)...
  -> DEFAUTS détectés, filtré
[Scraper] Vérification essai routier: AX86714 (Citroen C6 2.2 HDi)...
  -> DEFAUTS détectés, filtré
[Scraper] Vérification essai routier: LD54866 (Toyota Avensis 2.2 D-4D Life)...
  -> DEFAUTS détectés, filtré
[Scraper] Vérification essai routier: RP05568 (Renault Scenic 1.5 dCi Expression)...
  -> DEFAUTS détectés, filtré
[Scraper] Vérification essai routier: JD43892 (Renault Megane 1.9 dCi Authentique Confort)...
  -> DEFAUTS détectés, filtré
[Scraper] Vérification essai routier: ZW72190 (Citroen C3 1.4 Ambiance)...
  -> DEFAUTS détectés, filtré
[Scraper] Vérification essai routier: PH84744 (Peugeot 307 1.6 XT)...
  -> DEFAUTS détectés, filtré
[Scraper] Vérification essai routier: PH06575 (Volkswagen Golf V 1.9 TDI Trendline)...
  -> DEFAUTS détectés, filtré
[Scraper] Vérification essai routier: MS28953 (Chevrolet Matiz 0.8 SE)...
  -> CLEAN - essai routier OK, année 2009
[Scraper] Vérification essai routier: CJ11161 (Nissan Vanette Cargo 2.3 Diesel Kasten)...
  -> Essai OK mais année 1997 < 2002, filtré
[Scraper] Vérification essai routier: SA46597 (Volkswagen Fox 1.2)...
  -> DEFAUTS détectés, filtré
[Scraper] Vérification essai routier: PS06942 (Lancia Lancia Y 1.2 Elefantino Blu)...
  -> DEFAUTS détectés, filtré
[Scraper] Vérification essai routier: MU08785 (Peugeot 308 1.6 HDi Confort)...
  -> DEFAUTS détectés, filtré
[Scraper] Vérification essai routier: KL11677 (Renault Scenic 1.5 dCi Pack Authentique)...
  -> DEFAUTS détectés, filtré
[Scraper] Vérification essai routier: JT00910 (Citroen C4 Picasso 1.6 HDi Tendance)...
  -> DEFAUTS détectés, filtré
[Scraper] Vérification essai routier: VH60046 (Volvo S60 2.4 D Momentum)...
  -> DEFAUTS détectés, filtré
[Scraper] Vérification essai routier: FP16629 (Alfa Romeo Alfa 159 1.9 JTD JTDM ti)...
  -> DEFAUTS détectés, filtré
[Scraper] Vérification essai routier: UK77077 (Skoda Fabia 1.2 Ambiente)...
  -> DEFAUTS détectés, filtré
[Scraper] Vérification essai routier: WS82863 (Volkswagen Polo 1.6 TDI Comfortline)...
  -> DEFAUTS détectés, filtré
[Scraper] Vérification essai routier: LT27433 (Peugeot 307 1.6 HDi X Line)...
  -> DEFAUTS détectés, filtré
[Scraper] Vérification essai routier: BX33058 (Renault Clio 1.4 RXE)...
  -> DEFAUTS détectés, filtré
[Scraper] Vérification essai routier: JC39218 (Peugeot 307 2.0 HDi Tendance)...
  -> DEFAUTS détectés, filtré
[Scraper] Vérification essai routier: KX22014 (Fiat Punto 1.2)...
  -> DEFAUTS détectés, filtré
[Scraper] Vérification essai routier: JX04019 (Peugeot 106 1.0 Kid)...
  -> Essai OK mais année 1994 < 2002, filtré
[Scraper] Vérification essai routier: VR32762 (Nissan Almera Tino 2.2 Turbodiesel Ambience)...
  -> DEFAUTS détectés, filtré
[Scraper] Vérification essai routier: YP50913 (Audi A4 2.0 TDI Ambition)...
  -> DEFAUTS détectés, filtré
[Scraper] Vérification essai routier: WX44005 (Nissan Note 1.4 Acenta)...
  -> CLEAN - essai routier OK, année 2008
[Scraper] Vérification essai routier: ST93456 (Suzuki Swift 1.3 GL 5 portes)...
  -> DEFAUTS détectés, filtré
[Scraper] Vérification essai routier: VK03093 (Seat Altea 1.6 Stylance / Style)...
  -> DEFAUTS détectés, filtré
[Scraper] Vérification essai routier: DW58063 (Citroen C4 Grand Picasso 1.6 HDi Exclusive)...
  -> DEFAUTS détectés, filtré
[Scraper] Vérification essai routier: GP73655 (Hyundai Tucson 2.0 CRDi GLS)...
  -> DEFAUTS détectés, filtré
[Scraper] Vérification essai routier: NP89153 (Jaguar S-TYPE 2.7 D V6 Classic)...
  -> DEFAUTS détectés, filtré
[Scraper] Vérification essai routier: YE46375 (Renault Grand Scenic 1.9 dCi Privilege)...
  -> DEFAUTS détectés, filtré
[Scraper] Vérification essai routier: KV23742 (Volkswagen Eos 2.0 TDI)...
  -> DEFAUTS détectés, filtré
[Scraper] 2/40 véhicules avec essai routier propre
[Monitor] 2 deals trouvés
[Monitor] 0 nouveaux deals

[12/03/2026 12:30:00] Scan en cours...
[Scraper] Connexion à Auto1...
[Scraper] Déjà connecté
[Scraper] Navigation vers la recherche...
[Scraper] Résultats: ?
[Scraper] Page 1...
[Scraper] 40 deals extraits sur 1 pages
[Scraper] Vérification essai routier: HT03619 (Citroen C5 2.0 Ambiance)...
  -> DEFAUTS détectés, filtré
[Scraper] Vérification essai routier: CE40933 (Mazda 626 2.0 Turbodiesel T-Diesel Comfort)...
  -> DEFAUTS détectés, filtré
[Scraper] Vérification essai routier: WF79424 (Volkswagen Polo 1.9 TDI Comfortline)...
  -> DEFAUTS détectés, filtré
[Scraper] Vérification essai routier: FT80096 (Renault Laguna 2.0 dCi BOSE Edition)...
  -> DEFAUTS détectés, filtré
[Scraper] Vérification essai routier: BC90814 (Renault Megane 1.5 dCi Expression)...
  -> DEFAUTS détectés, filtré
[Scraper] Vérification essai routier: YE59466 (Peugeot 406 2.0)...
  -> Essai OK mais année 1998 < 2002, filtré
[Scraper] Vérification essai routier: FM74002 (Peugeot 207 1.4 HDi Active)...
  -> DEFAUTS détectés, filtré
[Scraper] Vérification essai routier: JZ77758 (Citroen C4 1.6 HDi Ambiance)...
  -> DEFAUTS détectés, filtré
[Scraper] Vérification essai routier: AX86714 (Citroen C6 2.2 HDi)...
  -> DEFAUTS détectés, filtré
[Scraper] Vérification essai routier: LD54866 (Toyota Avensis 2.2 D-4D Life)...
  -> DEFAUTS détectés, filtré
[Scraper] Vérification essai routier: RP05568 (Renault Scenic 1.5 dCi Expression)...
  -> DEFAUTS détectés, filtré
[Scraper] Vérification essai routier: JD43892 (Renault Megane 1.9 dCi Authentique Confort)...
  -> DEFAUTS détectés, filtré
[Scraper] Vérification essai routier: ZW72190 (Citroen C3 1.4 Ambiance)...
  -> DEFAUTS détectés, filtré
[Scraper] Vérification essai routier: PH84744 (Peugeot 307 1.6 XT)...
  -> DEFAUTS détectés, filtré
[Scraper] Vérification essai routier: PH06575 (Volkswagen Golf V 1.9 TDI Trendline)...
  -> DEFAUTS détectés, filtré
[Scraper] Vérification essai routier: MS28953 (Chevrolet Matiz 0.8 SE)...
  -> CLEAN - essai routier OK, année 2009
[Scraper] Vérification essai routier: CJ11161 (Nissan Vanette Cargo 2.3 Diesel Kasten)...
  -> Essai OK mais année 1997 < 2002, filtré
[Scraper] Vérification essai routier: SA46597 (Volkswagen Fox 1.2)...
  -> DEFAUTS détectés, filtré
[Scraper] Vérification essai routier: PS06942 (Lancia Lancia Y 1.2 Elefantino Blu)...
  -> DEFAUTS détectés, filtré
[Scraper] Vérification essai routier: MU08785 (Peugeot 308 1.6 HDi Confort)...
  -> DEFAUTS détectés, filtré
[Scraper] Vérification essai routier: KL11677 (Renault Scenic 1.5 dCi Pack Authentique)...
  -> DEFAUTS détectés, filtré
[Scraper] Vérification essai routier: JT00910 (Citroen C4 Picasso 1.6 HDi Tendance)...
  -> DEFAUTS détectés, filtré
[Scraper] Vérification essai routier: VH60046 (Volvo S60 2.4 D Momentum)...
  -> DEFAUTS détectés, filtré
[Scraper] Vérification essai routier: FP16629 (Alfa Romeo Alfa 159 1.9 JTD JTDM ti)...
  -> DEFAUTS détectés, filtré
[Scraper] Vérification essai routier: UK77077 (Skoda Fabia 1.2 Ambiente)...
  -> DEFAUTS détectés, filtré
[Scraper] Vérification essai routier: WS82863 (Volkswagen Polo 1.6 TDI Comfortline)...
  -> DEFAUTS détectés, filtré
[Scraper] Vérification essai routier: LT27433 (Peugeot 307 1.6 HDi X Line)...
  -> DEFAUTS détectés, filtré
[Scraper] Vérification essai routier: BX33058 (Renault Clio 1.4 RXE)...
  -> DEFAUTS détectés, filtré
[Scraper] Vérification essai routier: JC39218 (Peugeot 307 2.0 HDi Tendance)...
  -> DEFAUTS détectés, filtré
[Scraper] Vérification essai routier: KX22014 (Fiat Punto 1.2)...
  -> DEFAUTS détectés, filtré
[Scraper] Vérification essai routier: JX04019 (Peugeot 106 1.0 Kid)...
  -> Essai OK mais année 1994 < 2002, filtré
[Scraper] Vérification essai routier: VR32762 (Nissan Almera Tino 2.2 Turbodiesel Ambience)...
  -> DEFAUTS détectés, filtré
[Scraper] Vérification essai routier: YP50913 (Audi A4 2.0 TDI Ambition)...
  -> DEFAUTS détectés, filtré
[Scraper] Vérification essai routier: WX44005 (Nissan Note 1.4 Acenta)...
  -> CLEAN - essai routier OK, année 2008
[Scraper] Vérification essai routier: ST93456 (Suzuki Swift 1.3 GL 5 portes)...
  -> DEFAUTS détectés, filtré
[Scraper] Vérification essai routier: VK03093 (Seat Altea 1.6 Stylance / Style)...
  -> DEFAUTS détectés, filtré
[Scraper] Vérification essai routier: DW58063 (Citroen C4 Grand Picasso 1.6 HDi Exclusive)...
  -> DEFAUTS détectés, filtré
[Scraper] Vérification essai routier: GP73655 (Hyundai Tucson 2.0 CRDi GLS)...
  -> DEFAUTS détectés, filtré
[Scraper] Vérification essai routier: NP89153 (Jaguar S-TYPE 2.7 D V6 Classic)...
  -> DEFAUTS détectés, filtré
[Scraper] Vérification essai routier: YE46375 (Renault Grand Scenic 1.9 dCi Privilege)...
  -> DEFAUTS détectés, filtré
[Scraper] 2/40 véhicules avec essai routier propre
[Monitor] 2 deals trouvés
[Monitor] 0 nouveaux deals

[12/03/2026 13:00:00] Scan en cours...
[Scraper] Connexion à Auto1...
[Scraper] Déjà connecté
[Scraper] Navigation vers la recherche...
[Scraper] Résultats: ?
[Scraper] Page 1...
[Scraper] 40 deals extraits sur 1 pages
[Scraper] Vérification essai routier: HT03619 (Citroen C5 2.0 Ambiance)...
  -> DEFAUTS détectés, filtré
[Scraper] Vérification essai routier: CE40933 (Mazda 626 2.0 Turbodiesel T-Diesel Comfort)...
  -> DEFAUTS détectés, filtré
[Scraper] Vérification essai routier: WF79424 (Volkswagen Polo 1.9 TDI Comfortline)...
  -> DEFAUTS détectés, filtré
[Scraper] Vérification essai routier: FT80096 (Renault Laguna 2.0 dCi BOSE Edition)...
  -> DEFAUTS détectés, filtré
[Scraper] Vérification essai routier: BC90814 (Renault Megane 1.5 dCi Expression)...
  -> DEFAUTS détectés, filtré
[Scraper] Vérification essai routier: YE59466 (Peugeot 406 2.0)...
  -> Essai OK mais année 1998 < 2002, filtré
[Scraper] Vérification essai routier: FM74002 (Peugeot 207 1.4 HDi Active)...
  -> DEFAUTS détectés, filtré
[Scraper] Vérification essai routier: JZ77758 (Citroen C4 1.6 HDi Ambiance)...
  -> DEFAUTS détectés, filtré
[Scraper] Vérification essai routier: AX86714 (Citroen C6 2.2 HDi)...
  -> DEFAUTS détectés, filtré
[Scraper] Vérification essai routier: LD54866 (Toyota Avensis 2.2 D-4D Life)...
  -> DEFAUTS détectés, filtré
[Scraper] Vérification essai routier: RP05568 (Renault Scenic 1.5 dCi Expression)...
  -> DEFAUTS détectés, filtré
[Scraper] Vérification essai routier: JD43892 (Renault Megane 1.9 dCi Authentique Confort)...
  -> DEFAUTS détectés, filtré
[Scraper] Vérification essai routier: ZW72190 (Citroen C3 1.4 Ambiance)...
  -> DEFAUTS détectés, filtré
[Scraper] Vérification essai routier: PH84744 (Peugeot 307 1.6 XT)...
  -> DEFAUTS détectés, filtré
[Scraper] Vérification essai routier: PH06575 (Volkswagen Golf V 1.9 TDI Trendline)...
  -> DEFAUTS détectés, filtré
[Scraper] Vérification essai routier: MS28953 (Chevrolet Matiz 0.8 SE)...
  -> CLEAN - essai routier OK, année 2009
[Scraper] Vérification essai routier: CJ11161 (Nissan Vanette Cargo 2.3 Diesel Kasten)...
  -> Essai OK mais année 1997 < 2002, filtré
[Scraper] Vérification essai routier: SA46597 (Volkswagen Fox 1.2)...
  -> DEFAUTS détectés, filtré
[Scraper] Vérification essai routier: PS06942 (Lancia Lancia Y 1.2 Elefantino Blu)...
  -> DEFAUTS détectés, filtré
[Scraper] Vérification essai routier: MU08785 (Peugeot 308 1.6 HDi Confort)...
  -> DEFAUTS détectés, filtré
[Scraper] Vérification essai routier: KL11677 (Renault Scenic 1.5 dCi Pack Authentique)...
  -> DEFAUTS détectés, filtré
[Scraper] Vérification essai routier: JT00910 (Citroen C4 Picasso 1.6 HDi Tendance)...
  -> DEFAUTS détectés, filtré
[Scraper] Vérification essai routier: VH60046 (Volvo S60 2.4 D Momentum)...
  -> DEFAUTS détectés, filtré
[Scraper] Vérification essai routier: FP16629 (Alfa Romeo Alfa 159 1.9 JTD JTDM ti)...
  -> DEFAUTS détectés, filtré
[Scraper] Vérification essai routier: UK77077 (Skoda Fabia 1.2 Ambiente)...
  -> DEFAUTS détectés, filtré
[Scraper] Vérification essai routier: WS82863 (Volkswagen Polo 1.6 TDI Comfortline)...
  -> DEFAUTS détectés, filtré
[Scraper] Vérification essai routier: LT27433 (Peugeot 307 1.6 HDi X Line)...
  -> DEFAUTS détectés, filtré
[Scraper] Vérification essai routier: BX33058 (Renault Clio 1.4 RXE)...
  -> DEFAUTS détectés, filtré
[Scraper] Vérification essai routier: JC39218 (Peugeot 307 2.0 HDi Tendance)...
  -> DEFAUTS détectés, filtré
[Scraper] Vérification essai routier: KX22014 (Fiat Punto 1.2)...
  -> DEFAUTS détectés, filtré
[Scraper] Vérification essai routier: JX04019 (Peugeot 106 1.0 Kid)...
  -> Essai OK mais année 1994 < 2002, filtré
[Scraper] Vérification essai routier: VR32762 (Nissan Almera Tino 2.2 Turbodiesel Ambience)...
  -> DEFAUTS détectés, filtré
[Scraper] Vérification essai routier: YP50913 (Audi A4 2.0 TDI Ambition)...
  -> DEFAUTS détectés, filtré
[Scraper] Vérification essai routier: WX44005 (Nissan Note 1.4 Acenta)...
  -> CLEAN - essai routier OK, année 2008
[Scraper] Vérification essai routier: ST93456 (Suzuki Swift 1.3 GL 5 portes)...
  -> DEFAUTS détectés, filtré
[Scraper] Vérification essai routier: VK03093 (Seat Altea 1.6 Stylance / Style)...
  -> DEFAUTS détectés, filtré
[Scraper] Vérification essai routier: DW58063 (Citroen C4 Grand Picasso 1.6 HDi Exclusive)...
  -> DEFAUTS détectés, filtré
[Scraper] Vérification essai routier: GP73655 (Hyundai Tucson 2.0 CRDi GLS)...
  -> DEFAUTS détectés, filtré
[Scraper] Vérification essai routier: NP89153 (Jaguar S-TYPE 2.7 D V6 Classic)...
  -> DEFAUTS détectés, filtré
[Scraper] Vérification essai routier: YE46375 (Renault Grand Scenic 1.9 dCi Privilege)...
  -> DEFAUTS détectés, filtré
[Scraper] 2/40 véhicules avec essai routier propre
[Monitor] 2 deals trouvés
[Monitor] 0 nouveaux deals

[12/03/2026 13:30:00] Scan en cours...
[Scraper] Connexion à Auto1...
[Scraper] Déjà connecté
[Scraper] Navigation vers la recherche...
[Scraper] Résultats: ?
[Scraper] Page 1...
[Scraper] 40 deals extraits sur 1 pages
[Scraper] Vérification essai routier: NN17666 (Peugeot 207 1.6 Premium)...
  -> DEFAUTS détectés, filtré
[Scraper] Vérification essai routier: TK33737 (Ford Focus 1.6)...
  -> DEFAUTS détectés, filtré
[Scraper] Vérification essai routier: HT03619 (Citroen C5 2.0 Ambiance)...
  -> DEFAUTS détectés, filtré
[Scraper] Vérification essai routier: CE40933 (Mazda 626 2.0 Turbodiesel T-Diesel Comfort)...
  -> DEFAUTS détectés, filtré
[Scraper] Vérification essai routier: WF79424 (Volkswagen Polo 1.9 TDI Comfortline)...
  -> DEFAUTS détectés, filtré
[Scraper] Vérification essai routier: FT80096 (Renault Laguna 2.0 dCi BOSE Edition)...
  -> DEFAUTS détectés, filtré
[Scraper] Vérification essai routier: BC90814 (Renault Megane 1.5 dCi Expression)...
  -> DEFAUTS détectés, filtré
[Scraper] Vérification essai routier: YE59466 (Peugeot 406 2.0)...
  -> Essai OK mais année 1998 < 2002, filtré
[Scraper] Vérification essai routier: FM74002 (Peugeot 207 1.4 HDi Active)...
  -> DEFAUTS détectés, filtré
[Scraper] Vérification essai routier: JZ77758 (Citroen C4 1.6 HDi Ambiance)...
  -> DEFAUTS détectés, filtré
[Scraper] Vérification essai routier: AX86714 (Citroen C6 2.2 HDi)...
  -> DEFAUTS détectés, filtré
[Scraper] Vérification essai routier: LD54866 (Toyota Avensis 2.2 D-4D Life)...
  -> DEFAUTS détectés, filtré
[Scraper] Vérification essai routier: RP05568 (Renault Scenic 1.5 dCi Expression)...
  -> DEFAUTS détectés, filtré
[Scraper] Vérification essai routier: JD43892 (Renault Megane 1.9 dCi Authentique Confort)...
  -> DEFAUTS détectés, filtré
[Scraper] Vérification essai routier: ZW72190 (Citroen C3 1.4 Ambiance)...
  -> DEFAUTS détectés, filtré
[Scraper] Vérification essai routier: PH84744 (Peugeot 307 1.6 XT)...
  -> DEFAUTS détectés, filtré
[Scraper] Vérification essai routier: PH06575 (Volkswagen Golf V 1.9 TDI Trendline)...
  -> DEFAUTS détectés, filtré
[Scraper] Vérification essai routier: MS28953 (Chevrolet Matiz 0.8 SE)...
  -> CLEAN - essai routier OK, année 2009
[Scraper] Vérification essai routier: CJ11161 (Nissan Vanette Cargo 2.3 Diesel Kasten)...
  -> Essai OK mais année 1997 < 2002, filtré
[Scraper] Vérification essai routier: SA46597 (Volkswagen Fox 1.2)...
  -> DEFAUTS détectés, filtré
[Scraper] Vérification essai routier: PS06942 (Lancia Lancia Y 1.2 Elefantino Blu)...
  -> DEFAUTS détectés, filtré
[Scraper] Vérification essai routier: MU08785 (Peugeot 308 1.6 HDi Confort)...
  -> DEFAUTS détectés, filtré
[Scraper] Vérification essai routier: KL11677 (Renault Scenic 1.5 dCi Pack Authentique)...
  -> DEFAUTS détectés, filtré
[Scraper] Vérification essai routier: JT00910 (Citroen C4 Picasso 1.6 HDi Tendance)...
  -> DEFAUTS détectés, filtré
[Scraper] Vérification essai routier: VH60046 (Volvo S60 2.4 D Momentum)...
  -> DEFAUTS détectés, filtré
[Scraper] Vérification essai routier: FP16629 (Alfa Romeo Alfa 159 1.9 JTD JTDM ti)...
  -> DEFAUTS détectés, filtré
[Scraper] Vérification essai routier: UK77077 (Skoda Fabia 1.2 Ambiente)...
  -> DEFAUTS détectés, filtré
[Scraper] Vérification essai routier: WS82863 (Volkswagen Polo 1.6 TDI Comfortline)...
  -> DEFAUTS détectés, filtré
[Scraper] Vérification essai routier: LT27433 (Peugeot 307 1.6 HDi X Line)...
  -> DEFAUTS détectés, filtré
[Scraper] Vérification essai routier: BX33058 (Renault Clio 1.4 RXE)...
  -> DEFAUTS détectés, filtré
[Scraper] Vérification essai routier: JC39218 (Peugeot 307 2.0 HDi Tendance)...
  -> DEFAUTS détectés, filtré
[Scraper] Vérification essai routier: KX22014 (Fiat Punto 1.2)...
  -> DEFAUTS détectés, filtré
[Scraper] Vérification essai routier: JX04019 (Peugeot 106 1.0 Kid)...
  -> Essai OK mais année 1994 < 2002, filtré
[Scraper] Vérification essai routier: VR32762 (Nissan Almera Tino 2.2 Turbodiesel Ambience)...
  -> DEFAUTS détectés, filtré
[Scraper] Vérification essai routier: YP50913 (Audi A4 2.0 TDI Ambition)...
  -> DEFAUTS détectés, filtré
[Scraper] Vérification essai routier: WX44005 (Nissan Note 1.4 Acenta)...
  -> CLEAN - essai routier OK, année 2008
[Scraper] Vérification essai routier: ST93456 (Suzuki Swift 1.3 GL 5 portes)...
  -> DEFAUTS détectés, filtré
[Scraper] Vérification essai routier: VK03093 (Seat Altea 1.6 Stylance / Style)...
  -> DEFAUTS détectés, filtré
[Scraper] Vérification essai routier: DW58063 (Citroen C4 Grand Picasso 1.6 HDi Exclusive)...
  -> DEFAUTS détectés, filtré
[Scraper] Vérification essai routier: GP73655 (Hyundai Tucson 2.0 CRDi GLS)...
  -> DEFAUTS détectés, filtré
[Scraper] 2/40 véhicules avec essai routier propre
[Monitor] 2 deals trouvés
[Monitor] 0 nouveaux deals

[12/03/2026 14:00:00] Scan en cours...
[Scraper] Connexion à Auto1...
[Scraper] Déjà connecté
[Scraper] Navigation vers la recherche...
[Scraper] Résultats: ?
[Scraper] Page 1...
[Scraper] 40 deals extraits sur 1 pages
[Scraper] Vérification essai routier: KC66024 (Kia cee'd 1.6 CRDi Active)...
  -> DEFAUTS détectés, filtré
[Scraper] Vérification essai routier: NN17666 (Peugeot 207 1.6 Premium)...
  -> DEFAUTS détectés, filtré
[Scraper] Vérification essai routier: TK33737 (Ford Focus 1.6)...
  -> DEFAUTS détectés, filtré
[Scraper] Vérification essai routier: HT03619 (Citroen C5 2.0 Ambiance)...
  -> DEFAUTS détectés, filtré
[Scraper] Vérification essai routier: CE40933 (Mazda 626 2.0 Turbodiesel T-Diesel Comfort)...
  -> DEFAUTS détectés, filtré
[Scraper] Vérification essai routier: WF79424 (Volkswagen Polo 1.9 TDI Comfortline)...
  -> DEFAUTS détectés, filtré
[Scraper] Vérification essai routier: FT80096 (Renault Laguna 2.0 dCi BOSE Edition)...
  -> DEFAUTS détectés, filtré
[Scraper] Vérification essai routier: BC90814 (Renault Megane 1.5 dCi Expression)...
  -> DEFAUTS détectés, filtré
[Scraper] Vérification essai routier: YE59466 (Peugeot 406 2.0)...
  -> Essai OK mais année 1998 < 2002, filtré
[Scraper] Vérification essai routier: FM74002 (Peugeot 207 1.4 HDi Active)...
  -> DEFAUTS détectés, filtré
[Scraper] Vérification essai routier: JZ77758 (Citroen C4 1.6 HDi Ambiance)...
  -> DEFAUTS détectés, filtré
[Scraper] Vérification essai routier: AX86714 (Citroen C6 2.2 HDi)...
  -> DEFAUTS détectés, filtré
[Scraper] Vérification essai routier: LD54866 (Toyota Avensis 2.2 D-4D Life)...
  -> DEFAUTS détectés, filtré
[Scraper] Vérification essai routier: RP05568 (Renault Scenic 1.5 dCi Expression)...
  -> DEFAUTS détectés, filtré
[Scraper] Vérification essai routier: JD43892 (Renault Megane 1.9 dCi Authentique Confort)...
  -> DEFAUTS détectés, filtré
[Scraper] Vérification essai routier: ZW72190 (Citroen C3 1.4 Ambiance)...
  -> DEFAUTS détectés, filtré
[Scraper] Vérification essai routier: PH84744 (Peugeot 307 1.6 XT)...
  -> DEFAUTS détectés, filtré
[Scraper] Vérification essai routier: PH06575 (Volkswagen Golf V 1.9 TDI Trendline)...
  -> DEFAUTS détectés, filtré
[Scraper] Vérification essai routier: MS28953 (Chevrolet Matiz 0.8 SE)...
  -> CLEAN - essai routier OK, année 2009
[Scraper] Vérification essai routier: CJ11161 (Nissan Vanette Cargo 2.3 Diesel Kasten)...
  -> Essai OK mais année 1997 < 2002, filtré
[Scraper] Vérification essai routier: SA46597 (Volkswagen Fox 1.2)...
  -> DEFAUTS détectés, filtré
[Scraper] Vérification essai routier: PS06942 (Lancia Lancia Y 1.2 Elefantino Blu)...
  -> DEFAUTS détectés, filtré
[Scraper] Vérification essai routier: MU08785 (Peugeot 308 1.6 HDi Confort)...
  -> DEFAUTS détectés, filtré
[Scraper] Vérification essai routier: KL11677 (Renault Scenic 1.5 dCi Pack Authentique)...
  -> DEFAUTS détectés, filtré
[Scraper] Vérification essai routier: JT00910 (Citroen C4 Picasso 1.6 HDi Tendance)...
  -> DEFAUTS détectés, filtré
[Scraper] Vérification essai routier: VH60046 (Volvo S60 2.4 D Momentum)...
  -> DEFAUTS détectés, filtré
[Scraper] Vérification essai routier: FP16629 (Alfa Romeo Alfa 159 1.9 JTD JTDM ti)...
  -> DEFAUTS détectés, filtré
[Scraper] Vérification essai routier: UK77077 (Skoda Fabia 1.2 Ambiente)...
  -> DEFAUTS détectés, filtré
[Scraper] Vérification essai routier: WS82863 (Volkswagen Polo 1.6 TDI Comfortline)...
  -> DEFAUTS détectés, filtré
[Scraper] Vérification essai routier: LT27433 (Peugeot 307 1.6 HDi X Line)...
  -> DEFAUTS détectés, filtré
[Scraper] Vérification essai routier: BX33058 (Renault Clio 1.4 RXE)...
  -> DEFAUTS détectés, filtré
[Scraper] Vérification essai routier: JC39218 (Peugeot 307 2.0 HDi Tendance)...
  -> DEFAUTS détectés, filtré
[Scraper] Vérification essai routier: KX22014 (Fiat Punto 1.2)...
  -> DEFAUTS détectés, filtré
[Scraper] Vérification essai routier: JX04019 (Peugeot 106 1.0 Kid)...
  -> Essai OK mais année 1994 < 2002, filtré
[Scraper] Vérification essai routier: VR32762 (Nissan Almera Tino 2.2 Turbodiesel Ambience)...
  -> DEFAUTS détectés, filtré
[Scraper] Vérification essai routier: YP50913 (Audi A4 2.0 TDI Ambition)...
  -> DEFAUTS détectés, filtré
[Scraper] Vérification essai routier: WX44005 (Nissan Note 1.4 Acenta)...
  -> CLEAN - essai routier OK, année 2008
[Scraper] Vérification essai routier: ST93456 (Suzuki Swift 1.3 GL 5 portes)...
  -> DEFAUTS détectés, filtré
[Scraper] Vérification essai routier: VK03093 (Seat Altea 1.6 Stylance / Style)...
  -> DEFAUTS détectés, filtré
[Scraper] Vérification essai routier: DW58063 (Citroen C4 Grand Picasso 1.6 HDi Exclusive)...
  -> DEFAUTS détectés, filtré
[Scraper] 2/40 véhicules avec essai routier propre
[Monitor] 2 deals trouvés
[Monitor] 0 nouveaux deals

[12/03/2026 14:30:00] Scan en cours...
[Scraper] Connexion à Auto1...
[Scraper] Déjà connecté
[Scraper] Navigation vers la recherche...
[Scraper] Résultats: ?
[Scraper] Page 1...
[Scraper] 40 deals extraits sur 1 pages
[Scraper] Vérification essai routier: NB43076 (Renault Clio 1.5 dCi Tom Tom Live)...
  -> CLEAN - essai routier OK, année 2012
[Scraper] Vérification essai routier: JU72587 (Renault Megane 1.4 Dynamique Confort)...
  -> DEFAUTS détectés, filtré
[Scraper] Vérification essai routier: KC66024 (Kia cee'd 1.6 CRDi Active)...
  -> DEFAUTS détectés, filtré
[Scraper] Vérification essai routier: NN17666 (Peugeot 207 1.6 Premium)...
  -> DEFAUTS détectés, filtré
[Scraper] Vérification essai routier: TK33737 (Ford Focus 1.6)...
  -> DEFAUTS détectés, filtré
[Scraper] Vérification essai routier: HT03619 (Citroen C5 2.0 Ambiance)...
  -> DEFAUTS détectés, filtré
[Scraper] Vérification essai routier: CE40933 (Mazda 626 2.0 Turbodiesel T-Diesel Comfort)...
  -> DEFAUTS détectés, filtré
[Scraper] Vérification essai routier: WF79424 (Volkswagen Polo 1.9 TDI Comfortline)...
  -> DEFAUTS détectés, filtré
[Scraper] Vérification essai routier: FT80096 (Renault Laguna 2.0 dCi BOSE Edition)...
  -> DEFAUTS détectés, filtré
[Scraper] Vérification essai routier: BC90814 (Renault Megane 1.5 dCi Expression)...
  -> DEFAUTS détectés, filtré
[Scraper] Vérification essai routier: YE59466 (Peugeot 406 2.0)...
  -> Essai OK mais année 1998 < 2002, filtré
[Scraper] Vérification essai routier: FM74002 (Peugeot 207 1.4 HDi Active)...
  -> DEFAUTS détectés, filtré
[Scraper] Vérification essai routier: JZ77758 (Citroen C4 1.6 HDi Ambiance)...
  -> DEFAUTS détectés, filtré
[Scraper] Vérification essai routier: AX86714 (Citroen C6 2.2 HDi)...
  -> DEFAUTS détectés, filtré
[Scraper] Vérification essai routier: LD54866 (Toyota Avensis 2.2 D-4D Life)...
  -> DEFAUTS détectés, filtré
[Scraper] Vérification essai routier: RP05568 (Renault Scenic 1.5 dCi Expression)...
  -> DEFAUTS détectés, filtré
[Scraper] Vérification essai routier: JD43892 (Renault Megane 1.9 dCi Authentique Confort)...
  -> DEFAUTS détectés, filtré
[Scraper] Vérification essai routier: ZW72190 (Citroen C3 1.4 Ambiance)...
  -> DEFAUTS détectés, filtré
[Scraper] Vérification essai routier: PH84744 (Peugeot 307 1.6 XT)...
  -> DEFAUTS détectés, filtré
[Scraper] Vérification essai routier: PH06575 (Volkswagen Golf V 1.9 TDI Trendline)...
  -> DEFAUTS détectés, filtré
[Scraper] Vérification essai routier: MS28953 (Chevrolet Matiz 0.8 SE)...
  -> CLEAN - essai routier OK, année 2009
[Scraper] Vérification essai routier: CJ11161 (Nissan Vanette Cargo 2.3 Diesel Kasten)...
  -> Essai OK mais année 1997 < 2002, filtré
[Scraper] Vérification essai routier: SA46597 (Volkswagen Fox 1.2)...
  -> DEFAUTS détectés, filtré
[Scraper] Vérification essai routier: PS06942 (Lancia Lancia Y 1.2 Elefantino Blu)...
  -> DEFAUTS détectés, filtré
[Scraper] Vérification essai routier: MU08785 (Peugeot 308 1.6 HDi Confort)...
  -> DEFAUTS détectés, filtré
[Scraper] Vérification essai routier: KL11677 (Renault Scenic 1.5 dCi Pack Authentique)...
  -> DEFAUTS détectés, filtré
[Scraper] Vérification essai routier: JT00910 (Citroen C4 Picasso 1.6 HDi Tendance)...
  -> DEFAUTS détectés, filtré
[Scraper] Vérification essai routier: VH60046 (Volvo S60 2.4 D Momentum)...
  -> DEFAUTS détectés, filtré
[Scraper] Vérification essai routier: FP16629 (Alfa Romeo Alfa 159 1.9 JTD JTDM ti)...
  -> DEFAUTS détectés, filtré
[Scraper] Vérification essai routier: UK77077 (Skoda Fabia 1.2 Ambiente)...
  -> DEFAUTS détectés, filtré
[Scraper] Vérification essai routier: WS82863 (Volkswagen Polo 1.6 TDI Comfortline)...
  -> DEFAUTS détectés, filtré
[Scraper] Vérification essai routier: LT27433 (Peugeot 307 1.6 HDi X Line)...
  -> DEFAUTS détectés, filtré
[Scraper] Vérification essai routier: BX33058 (Renault Clio 1.4 RXE)...
  -> DEFAUTS détectés, filtré
[Scraper] Vérification essai routier: JC39218 (Peugeot 307 2.0 HDi Tendance)...
  -> DEFAUTS détectés, filtré
[Scraper] Vérification essai routier: KX22014 (Fiat Punto 1.2)...
  -> DEFAUTS détectés, filtré
[Scraper] Vérification essai routier: JX04019 (Peugeot 106 1.0 Kid)...
  -> Essai OK mais année 1994 < 2002, filtré
[Scraper] Vérification essai routier: VR32762 (Nissan Almera Tino 2.2 Turbodiesel Ambience)...
  -> DEFAUTS détectés, filtré
[Scraper] Vérification essai routier: YP50913 (Audi A4 2.0 TDI Ambition)...
  -> DEFAUTS détectés, filtré
[Scraper] Vérification essai routier: WX44005 (Nissan Note 1.4 Acenta)...
  -> CLEAN - essai routier OK, année 2008
[Scraper] Vérification essai routier: ST93456 (Suzuki Swift 1.3 GL 5 portes)...
  -> DEFAUTS détectés, filtré
[Scraper] 3/40 véhicules avec essai routier propre
[Monitor] 3 deals trouvés
[Monitor] 3 nouveaux deals
[Monitor] 1 deals à notifier
[WhatsApp] Message avec image envoyé

[12/03/2026 15:00:00] Scan en cours...
[Scraper] Connexion à Auto1...
[Scraper] Déjà connecté
[Scraper] Navigation vers la recherche...
[Scraper] Résultats: ?
[Scraper] Page 1...
[Scraper] 40 deals extraits sur 1 pages
[Scraper] Vérification essai routier: SS85631 (Fiat Grande Punto 1.3 JTD Multijet Emotion)...
  -> CLEAN - essai routier OK, année 2007
[Scraper] Vérification essai routier: ZF38546 (Peugeot 205 1.4 GENERATION)...
  -> Essai OK mais année 1998 < 2002, filtré
[Scraper] Vérification essai routier: NB43076 (Renault Clio 1.5 dCi Tom Tom Live)...
  -> CLEAN - essai routier OK, année 2012
[Scraper] Vérification essai routier: JU72587 (Renault Megane 1.4 Dynamique Confort)...
  -> DEFAUTS détectés, filtré
[Scraper] Vérification essai routier: KC66024 (Kia cee'd 1.6 CRDi Active)...
  -> DEFAUTS détectés, filtré
[Scraper] Vérification essai routier: NN17666 (Peugeot 207 1.6 Premium)...
  -> DEFAUTS détectés, filtré
[Scraper] Vérification essai routier: TK33737 (Ford Focus 1.6)...
  -> DEFAUTS détectés, filtré
[Scraper] Vérification essai routier: HT03619 (Citroen C5 2.0 Ambiance)...
  -> DEFAUTS détectés, filtré
[Scraper] Vérification essai routier: CE40933 (Mazda 626 2.0 Turbodiesel T-Diesel Comfort)...
  -> DEFAUTS détectés, filtré
[Scraper] Vérification essai routier: WF79424 (Volkswagen Polo 1.9 TDI Comfortline)...
  -> DEFAUTS détectés, filtré
[Scraper] Vérification essai routier: FT80096 (Renault Laguna 2.0 dCi BOSE Edition)...
  -> DEFAUTS détectés, filtré
[Scraper] Vérification essai routier: BC90814 (Renault Megane 1.5 dCi Expression)...
  -> DEFAUTS détectés, filtré
[Scraper] Vérification essai routier: YE59466 (Peugeot 406 2.0)...
  -> Essai OK mais année 1998 < 2002, filtré
[Scraper] Vérification essai routier: FM74002 (Peugeot 207 1.4 HDi Active)...
  -> DEFAUTS détectés, filtré
[Scraper] Vérification essai routier: JZ77758 (Citroen C4 1.6 HDi Ambiance)...
  -> DEFAUTS détectés, filtré
[Scraper] Vérification essai routier: AX86714 (Citroen C6 2.2 HDi)...
  -> DEFAUTS détectés, filtré
[Scraper] Vérification essai routier: LD54866 (Toyota Avensis 2.2 D-4D Life)...
  -> DEFAUTS détectés, filtré
[Scraper] Vérification essai routier: RP05568 (Renault Scenic 1.5 dCi Expression)...
  -> DEFAUTS détectés, filtré
[Scraper] Vérification essai routier: JD43892 (Renault Megane 1.9 dCi Authentique Confort)...
  -> DEFAUTS détectés, filtré
[Scraper] Vérification essai routier: ZW72190 (Citroen C3 1.4 Ambiance)...
  -> DEFAUTS détectés, filtré
[Scraper] Vérification essai routier: PH84744 (Peugeot 307 1.6 XT)...
  -> DEFAUTS détectés, filtré
[Scraper] Vérification essai routier: PH06575 (Volkswagen Golf V 1.9 TDI Trendline)...
  -> DEFAUTS détectés, filtré
[Scraper] Vérification essai routier: MS28953 (Chevrolet Matiz 0.8 SE)...
  -> CLEAN - essai routier OK, année 2009
[Scraper] Vérification essai routier: CJ11161 (Nissan Vanette Cargo 2.3 Diesel Kasten)...
  -> Essai OK mais année 1997 < 2002, filtré
[Scraper] Vérification essai routier: SA46597 (Volkswagen Fox 1.2)...
  -> DEFAUTS détectés, filtré
[Scraper] Vérification essai routier: PS06942 (Lancia Lancia Y 1.2 Elefantino Blu)...
  -> DEFAUTS détectés, filtré
[Scraper] Vérification essai routier: MU08785 (Peugeot 308 1.6 HDi Confort)...
  -> DEFAUTS détectés, filtré
[Scraper] Vérification essai routier: KL11677 (Renault Scenic 1.5 dCi Pack Authentique)...
  -> DEFAUTS détectés, filtré
[Scraper] Vérification essai routier: JT00910 (Citroen C4 Picasso 1.6 HDi Tendance)...
  -> DEFAUTS détectés, filtré
[Scraper] Vérification essai routier: VH60046 (Volvo S60 2.4 D Momentum)...
  -> DEFAUTS détectés, filtré
[Scraper] Vérification essai routier: FP16629 (Alfa Romeo Alfa 159 1.9 JTD JTDM ti)...
  -> DEFAUTS détectés, filtré
[Scraper] Vérification essai routier: UK77077 (Skoda Fabia 1.2 Ambiente)...
  -> DEFAUTS détectés, filtré
[Scraper] Vérification essai routier: WS82863 (Volkswagen Polo 1.6 TDI Comfortline)...
  -> DEFAUTS détectés, filtré
[Scraper] Vérification essai routier: LT27433 (Peugeot 307 1.6 HDi X Line)...
  -> DEFAUTS détectés, filtré
[Scraper] Vérification essai routier: BX33058 (Renault Clio 1.4 RXE)...
  -> DEFAUTS détectés, filtré
[Scraper] Vérification essai routier: JC39218 (Peugeot 307 2.0 HDi Tendance)...
  -> DEFAUTS détectés, filtré
[Scraper] Vérification essai routier: KX22014 (Fiat Punto 1.2)...
  -> DEFAUTS détectés, filtré
[Scraper] Vérification essai routier: JX04019 (Peugeot 106 1.0 Kid)...
  -> Essai OK mais année 1994 < 2002, filtré
[Scraper] Vérification essai routier: VR32762 (Nissan Almera Tino 2.2 Turbodiesel Ambience)...
  -> DEFAUTS détectés, filtré
[Scraper] Vérification essai routier: YP50913 (Audi A4 2.0 TDI Ambition)...
  -> DEFAUTS détectés, filtré
[Scraper] 3/40 véhicules avec essai routier propre
[Monitor] 3 deals trouvés
[Monitor] 3 nouveaux deals
[Monitor] 1 deals à notifier
[WhatsApp] Message avec image envoyé

[12/03/2026 15:30:00] Scan en cours...
[Scraper] Connexion à Auto1...
[Scraper] Déjà connecté
[Scraper] Navigation vers la recherche...
[Scraper] Résultats: ?
[Scraper] Page 1...
[Scraper] 40 deals extraits sur 1 pages
[Scraper] Vérification essai routier: SA45577 (Ford Ka 1.2 Titanium)...
  -> DEFAUTS détectés, filtré
[Scraper] Vérification essai routier: SS85631 (Fiat Grande Punto 1.3 JTD Multijet Emotion)...
  -> CLEAN - essai routier OK, année 2007
[Scraper] Vérification essai routier: ZF38546 (Peugeot 205 1.4 GENERATION)...
  -> Essai OK mais année 1998 < 2002, filtré
[Scraper] Vérification essai routier: NB43076 (Renault Clio 1.5 dCi Tom Tom Live)...
  -> CLEAN - essai routier OK, année 2012
[Scraper] Vérification essai routier: JU72587 (Renault Megane 1.4 Dynamique Confort)...
  -> DEFAUTS détectés, filtré
[Scraper] Vérification essai routier: KC66024 (Kia cee'd 1.6 CRDi Active)...
  -> DEFAUTS détectés, filtré
[Scraper] Vérification essai routier: NN17666 (Peugeot 207 1.6 Premium)...
  -> DEFAUTS détectés, filtré
[Scraper] Vérification essai routier: TK33737 (Ford Focus 1.6)...
  -> DEFAUTS détectés, filtré
[Scraper] Vérification essai routier: HT03619 (Citroen C5 2.0 Ambiance)...
  -> DEFAUTS détectés, filtré
[Scraper] Vérification essai routier: CE40933 (Mazda 626 2.0 Turbodiesel T-Diesel Comfort)...
  -> DEFAUTS détectés, filtré
[Scraper] Vérification essai routier: WF79424 (Volkswagen Polo 1.9 TDI Comfortline)...
  -> DEFAUTS détectés, filtré
[Scraper] Vérification essai routier: FT80096 (Renault Laguna 2.0 dCi BOSE Edition)...
  -> DEFAUTS détectés, filtré
[Scraper] Vérification essai routier: BC90814 (Renault Megane 1.5 dCi Expression)...
  -> DEFAUTS détectés, filtré
[Scraper] Vérification essai routier: YE59466 (Peugeot 406 2.0)...
  -> Essai OK mais année 1998 < 2002, filtré
[Scraper] Vérification essai routier: FM74002 (Peugeot 207 1.4 HDi Active)...
  -> DEFAUTS détectés, filtré
[Scraper] Vérification essai routier: JZ77758 (Citroen C4 1.6 HDi Ambiance)...
  -> DEFAUTS détectés, filtré
[Scraper] Vérification essai routier: AX86714 (Citroen C6 2.2 HDi)...
  -> DEFAUTS détectés, filtré
[Scraper] Vérification essai routier: LD54866 (Toyota Avensis 2.2 D-4D Life)...
  -> DEFAUTS détectés, filtré
[Scraper] Vérification essai routier: RP05568 (Renault Scenic 1.5 dCi Expression)...
  -> DEFAUTS détectés, filtré
[Scraper] Vérification essai routier: JD43892 (Renault Megane 1.9 dCi Authentique Confort)...
  -> DEFAUTS détectés, filtré
[Scraper] Vérification essai routier: ZW72190 (Citroen C3 1.4 Ambiance)...
  -> DEFAUTS détectés, filtré
[Scraper] Vérification essai routier: PH84744 (Peugeot 307 1.6 XT)...
  -> DEFAUTS détectés, filtré
[Scraper] Vérification essai routier: PH06575 (Volkswagen Golf V 1.9 TDI Trendline)...
  -> DEFAUTS détectés, filtré
[Scraper] Vérification essai routier: MS28953 (Chevrolet Matiz 0.8 SE)...
  -> CLEAN - essai routier OK, année 2009
[Scraper] Vérification essai routier: CJ11161 (Nissan Vanette Cargo 2.3 Diesel Kasten)...
  -> Essai OK mais année 1997 < 2002, filtré
[Scraper] Vérification essai routier: SA46597 (Volkswagen Fox 1.2)...
  -> DEFAUTS détectés, filtré
[Scraper] Vérification essai routier: PS06942 (Lancia Lancia Y 1.2 Elefantino Blu)...
  -> DEFAUTS détectés, filtré
[Scraper] Vérification essai routier: MU08785 (Peugeot 308 1.6 HDi Confort)...
  -> DEFAUTS détectés, filtré
[Scraper] Vérification essai routier: KL11677 (Renault Scenic 1.5 dCi Pack Authentique)...
  -> DEFAUTS détectés, filtré
[Scraper] Vérification essai routier: JT00910 (Citroen C4 Picasso 1.6 HDi Tendance)...
  -> DEFAUTS détectés, filtré
[Scraper] Vérification essai routier: VH60046 (Volvo S60 2.4 D Momentum)...
  -> DEFAUTS détectés, filtré
[Scraper] Vérification essai routier: FP16629 (Alfa Romeo Alfa 159 1.9 JTD JTDM ti)...
  -> DEFAUTS détectés, filtré
[Scraper] Vérification essai routier: UK77077 (Skoda Fabia 1.2 Ambiente)...
  -> DEFAUTS détectés, filtré
[Scraper] Vérification essai routier: WS82863 (Volkswagen Polo 1.6 TDI Comfortline)...
  -> DEFAUTS détectés, filtré
[Scraper] Vérification essai routier: LT27433 (Peugeot 307 1.6 HDi X Line)...
  -> DEFAUTS détectés, filtré
[Scraper] Vérification essai routier: BX33058 (Renault Clio 1.4 RXE)...
  -> DEFAUTS détectés, filtré
[Scraper] Vérification essai routier: JC39218 (Peugeot 307 2.0 HDi Tendance)...
  -> DEFAUTS détectés, filtré
[Scraper] Vérification essai routier: KX22014 (Fiat Punto 1.2)...
  -> DEFAUTS détectés, filtré
[Scraper] Vérification essai routier: JX04019 (Peugeot 106 1.0 Kid)...
  -> Essai OK mais année 1994 < 2002, filtré
[Scraper] Vérification essai routier: VR32762 (Nissan Almera Tino 2.2 Turbodiesel Ambience)...
  -> DEFAUTS détectés, filtré
[Scraper] 3/40 véhicules avec essai routier propre
[Monitor] 3 deals trouvés
[Monitor] 0 nouveaux deals

[12/03/2026 16:00:00] Scan en cours...
[Scraper] Connexion à Auto1...
[Scraper] Déjà connecté
[Scraper] Navigation vers la recherche...
[Scraper] Résultats: ?
[Scraper] Page 1...
[Scraper] 40 deals extraits sur 1 pages
[Scraper] Vérification essai routier: BZ41041 (Peugeot 206 1.4 HDi XT)...
  -> DEFAUTS détectés, filtré
[Scraper] Vérification essai routier: SA45577 (Ford Ka 1.2 Titanium)...
  -> DEFAUTS détectés, filtré
[Scraper] Vérification essai routier: SS85631 (Fiat Grande Punto 1.3 JTD Multijet Emotion)...
  -> CLEAN - essai routier OK, année 2007
[Scraper] Vérification essai routier: ZF38546 (Peugeot 205 1.4 GENERATION)...
  -> Essai OK mais année 1998 < 2002, filtré
[Scraper] Vérification essai routier: NB43076 (Renault Clio 1.5 dCi Tom Tom Live)...
  -> CLEAN - essai routier OK, année 2012
[Scraper] Vérification essai routier: JU72587 (Renault Megane 1.4 Dynamique Confort)...
  -> DEFAUTS détectés, filtré
[Scraper] Vérification essai routier: KC66024 (Kia cee'd 1.6 CRDi Active)...
  -> DEFAUTS détectés, filtré
[Scraper] Vérification essai routier: NN17666 (Peugeot 207 1.6 Premium)...
  -> DEFAUTS détectés, filtré
[Scraper] Vérification essai routier: TK33737 (Ford Focus 1.6)...
  -> DEFAUTS détectés, filtré
[Scraper] Vérification essai routier: HT03619 (Citroen C5 2.0 Ambiance)...
  -> DEFAUTS détectés, filtré
[Scraper] Vérification essai routier: CE40933 (Mazda 626 2.0 Turbodiesel T-Diesel Comfort)...
  -> DEFAUTS détectés, filtré
[Scraper] Vérification essai routier: WF79424 (Volkswagen Polo 1.9 TDI Comfortline)...
  -> DEFAUTS détectés, filtré
[Scraper] Vérification essai routier: FT80096 (Renault Laguna 2.0 dCi BOSE Edition)...
  -> DEFAUTS détectés, filtré
[Scraper] Vérification essai routier: BC90814 (Renault Megane 1.5 dCi Expression)...
  -> DEFAUTS détectés, filtré
[Scraper] Vérification essai routier: YE59466 (Peugeot 406 2.0)...
  -> Essai OK mais année 1998 < 2002, filtré
[Scraper] Vérification essai routier: FM74002 (Peugeot 207 1.4 HDi Active)...
  -> DEFAUTS détectés, filtré
[Scraper] Vérification essai routier: JZ77758 (Citroen C4 1.6 HDi Ambiance)...
  -> DEFAUTS détectés, filtré
[Scraper] Vérification essai routier: AX86714 (Citroen C6 2.2 HDi)...
  -> DEFAUTS détectés, filtré
[Scraper] Vérification essai routier: LD54866 (Toyota Avensis 2.2 D-4D Life)...
  -> DEFAUTS détectés, filtré
[Scraper] Vérification essai routier: RP05568 (Renault Scenic 1.5 dCi Expression)...
  -> DEFAUTS détectés, filtré
[Scraper] Vérification essai routier: JD43892 (Renault Megane 1.9 dCi Authentique Confort)...
  -> DEFAUTS détectés, filtré
[Scraper] Vérification essai routier: ZW72190 (Citroen C3 1.4 Ambiance)...
  -> DEFAUTS détectés, filtré
[Scraper] Vérification essai routier: PH84744 (Peugeot 307 1.6 XT)...
  -> DEFAUTS détectés, filtré
[Scraper] Vérification essai routier: PH06575 (Volkswagen Golf V 1.9 TDI Trendline)...
  -> DEFAUTS détectés, filtré
[Scraper] Vérification essai routier: MS28953 (Chevrolet Matiz 0.8 SE)...
  -> CLEAN - essai routier OK, année 2009
[Scraper] Vérification essai routier: CJ11161 (Nissan Vanette Cargo 2.3 Diesel Kasten)...
  -> Essai OK mais année 1997 < 2002, filtré
[Scraper] Vérification essai routier: SA46597 (Volkswagen Fox 1.2)...
  -> DEFAUTS détectés, filtré
[Scraper] Vérification essai routier: PS06942 (Lancia Lancia Y 1.2 Elefantino Blu)...
  -> DEFAUTS détectés, filtré
[Scraper] Vérification essai routier: MU08785 (Peugeot 308 1.6 HDi Confort)...
  -> DEFAUTS détectés, filtré
[Scraper] Vérification essai routier: KL11677 (Renault Scenic 1.5 dCi Pack Authentique)...
  -> DEFAUTS détectés, filtré
[Scraper] Vérification essai routier: JT00910 (Citroen C4 Picasso 1.6 HDi Tendance)...
  -> DEFAUTS détectés, filtré
[Scraper] Vérification essai routier: VH60046 (Volvo S60 2.4 D Momentum)...
  -> DEFAUTS détectés, filtré
[Scraper] Vérification essai routier: FP16629 (Alfa Romeo Alfa 159 1.9 JTD JTDM ti)...
  -> DEFAUTS détectés, filtré
[Scraper] Vérification essai routier: UK77077 (Skoda Fabia 1.2 Ambiente)...
  -> DEFAUTS détectés, filtré
[Scraper] Vérification essai routier: WS82863 (Volkswagen Polo 1.6 TDI Comfortline)...
  -> DEFAUTS détectés, filtré
[Scraper] Vérification essai routier: LT27433 (Peugeot 307 1.6 HDi X Line)...
  -> DEFAUTS détectés, filtré
[Scraper] Vérification essai routier: BX33058 (Renault Clio 1.4 RXE)...
  -> DEFAUTS détectés, filtré
[Scraper] Vérification essai routier: JC39218 (Peugeot 307 2.0 HDi Tendance)...
  -> DEFAUTS détectés, filtré
[Scraper] Vérification essai routier: KX22014 (Fiat Punto 1.2)...
  -> DEFAUTS détectés, filtré
[Scraper] Vérification essai routier: JX04019 (Peugeot 106 1.0 Kid)...
  -> Essai OK mais année 1994 < 2002, filtré
[Scraper] 3/40 véhicules avec essai routier propre
[Monitor] 3 deals trouvés
[Monitor] 0 nouveaux deals

[12/03/2026 16:30:00] Scan en cours...
[Scraper] Connexion à Auto1...
[Scraper] Déjà connecté
[Scraper] Navigation vers la recherche...
[Scraper] Résultats: ?
[Scraper] Page 1...
[Scraper] 40 deals extraits sur 1 pages
[Scraper] Vérification essai routier: DT66829 (Opel Corsa 1.3 CDTI Edition "111 Jahre")...
  -> DEFAUTS détectés, filtré
[Scraper] Vérification essai routier: BZ41041 (Peugeot 206 1.4 HDi XT)...
  -> DEFAUTS détectés, filtré
[Scraper] Vérification essai routier: SA45577 (Ford Ka 1.2 Titanium)...
  -> DEFAUTS détectés, filtré
[Scraper] Vérification essai routier: SS85631 (Fiat Grande Punto 1.3 JTD Multijet Emotion)...
  -> CLEAN - essai routier OK, année 2007
[Scraper] Vérification essai routier: ZF38546 (Peugeot 205 1.4 GENERATION)...
  -> Essai OK mais année 1998 < 2002, filtré
[Scraper] Vérification essai routier: NB43076 (Renault Clio 1.5 dCi Tom Tom Live)...
  -> CLEAN - essai routier OK, année 2012
[Scraper] Vérification essai routier: JU72587 (Renault Megane 1.4 Dynamique Confort)...
  -> DEFAUTS détectés, filtré
[Scraper] Vérification essai routier: KC66024 (Kia cee'd 1.6 CRDi Active)...
  -> DEFAUTS détectés, filtré
[Scraper] Vérification essai routier: NN17666 (Peugeot 207 1.6 Premium)...
  -> DEFAUTS détectés, filtré
[Scraper] Vérification essai routier: TK33737 (Ford Focus 1.6)...
  -> DEFAUTS détectés, filtré
[Scraper] Vérification essai routier: HT03619 (Citroen C5 2.0 Ambiance)...
  -> DEFAUTS détectés, filtré
[Scraper] Vérification essai routier: CE40933 (Mazda 626 2.0 Turbodiesel T-Diesel Comfort)...
  -> DEFAUTS détectés, filtré
[Scraper] Vérification essai routier: WF79424 (Volkswagen Polo 1.9 TDI Comfortline)...
  -> DEFAUTS détectés, filtré
[Scraper] Vérification essai routier: FT80096 (Renault Laguna 2.0 dCi BOSE Edition)...
  -> DEFAUTS détectés, filtré
[Scraper] Vérification essai routier: BC90814 (Renault Megane 1.5 dCi Expression)...
  -> DEFAUTS détectés, filtré
[Scraper] Vérification essai routier: YE59466 (Peugeot 406 2.0)...
  -> Essai OK mais année 1998 < 2002, filtré
[Scraper] Vérification essai routier: FM74002 (Peugeot 207 1.4 HDi Active)...
  -> DEFAUTS détectés, filtré
[Scraper] Vérification essai routier: JZ77758 (Citroen C4 1.6 HDi Ambiance)...
  -> DEFAUTS détectés, filtré
[Scraper] Vérification essai routier: AX86714 (Citroen C6 2.2 HDi)...
  -> DEFAUTS détectés, filtré
[Scraper] Vérification essai routier: LD54866 (Toyota Avensis 2.2 D-4D Life)...
  -> DEFAUTS détectés, filtré
[Scraper] Vérification essai routier: RP05568 (Renault Scenic 1.5 dCi Expression)...
  -> DEFAUTS détectés, filtré
[Scraper] Vérification essai routier: JD43892 (Renault Megane 1.9 dCi Authentique Confort)...
  -> DEFAUTS détectés, filtré
[Scraper] Vérification essai routier: ZW72190 (Citroen C3 1.4 Ambiance)...
  -> DEFAUTS détectés, filtré
[Scraper] Vérification essai routier: PH84744 (Peugeot 307 1.6 XT)...
  -> DEFAUTS détectés, filtré
[Scraper] Vérification essai routier: PH06575 (Volkswagen Golf V 1.9 TDI Trendline)...
  -> DEFAUTS détectés, filtré
[Scraper] Vérification essai routier: MS28953 (Chevrolet Matiz 0.8 SE)...
  -> CLEAN - essai routier OK, année 2009
[Scraper] Vérification essai routier: CJ11161 (Nissan Vanette Cargo 2.3 Diesel Kasten)...
  -> Essai OK mais année 1997 < 2002, filtré
[Scraper] Vérification essai routier: SA46597 (Volkswagen Fox 1.2)...
  -> DEFAUTS détectés, filtré
[Scraper] Vérification essai routier: PS06942 (Lancia Lancia Y 1.2 Elefantino Blu)...
  -> DEFAUTS détectés, filtré
[Scraper] Vérification essai routier: MU08785 (Peugeot 308 1.6 HDi Confort)...
  -> DEFAUTS détectés, filtré
[Scraper] Vérification essai routier: KL11677 (Renault Scenic 1.5 dCi Pack Authentique)...
  -> DEFAUTS détectés, filtré
[Scraper] Vérification essai routier: JT00910 (Citroen C4 Picasso 1.6 HDi Tendance)...
  -> DEFAUTS détectés, filtré
[Scraper] Vérification essai routier: VH60046 (Volvo S60 2.4 D Momentum)...
  -> DEFAUTS détectés, filtré
[Scraper] Vérification essai routier: FP16629 (Alfa Romeo Alfa 159 1.9 JTD JTDM ti)...
  -> DEFAUTS détectés, filtré
[Scraper] Vérification essai routier: UK77077 (Skoda Fabia 1.2 Ambiente)...
  -> DEFAUTS détectés, filtré
[Scraper] Vérification essai routier: WS82863 (Volkswagen Polo 1.6 TDI Comfortline)...
  -> DEFAUTS détectés, filtré
[Scraper] Vérification essai routier: LT27433 (Peugeot 307 1.6 HDi X Line)...
  -> DEFAUTS détectés, filtré
[Scraper] Vérification essai routier: BX33058 (Renault Clio 1.4 RXE)...
  -> DEFAUTS détectés, filtré
[Scraper] Vérification essai routier: JC39218 (Peugeot 307 2.0 HDi Tendance)...
  -> DEFAUTS détectés, filtré
[Scraper] Vérification essai routier: KX22014 (Fiat Punto 1.2)...
  -> DEFAUTS détectés, filtré
[Scraper] 3/40 véhicules avec essai routier propre
[Monitor] 3 deals trouvés
[Monitor] 0 nouveaux deals
